Log file open, 10/25/16 04:47:10
LogInit:Display: Running engine for game: Cyberpunk
LogPlatformFile: Not using cached read wrapper
LogInit:Display: RandInit(-1193679732) SRandInit(-1193679732).
LogTaskGraph: Started task graph with 5 named threads and 8 total threads with 1 sets of task threads.
LogStats: Stats thread started at 0.094822
LogPluginManager: Loaded Plugin Paper2D, From C:/Program Files/Epic Games/4.13/Engine/Plugins/2D/Paper2D/Paper2D.uplugin
LogPluginManager: Loaded Plugin LightPropagationVolume, From C:/Program Files/Epic Games/4.13/Engine/Plugins/Blendables/LightPropagationVolume/LightPropagationVolume.uplugin
LogPluginManager: Loaded Plugin BlankPlugin, From C:/Program Files/Epic Games/4.13/Engine/Plugins/Developer/BlankPlugin/BlankPlugin.uplugin
LogPluginManager: Loaded Plugin CodeLiteSourceCodeAccess, From C:/Program Files/Epic Games/4.13/Engine/Plugins/Developer/CodeLiteSourceCodeAccess/CodeLiteSourceCodeAccess.uplugin
LogPluginManager: Loaded Plugin GitSourceControl, From C:/Program Files/Epic Games/4.13/Engine/Plugins/Developer/GitSourceControl/GitSourceControl.uplugin
LogPluginManager: Loaded Plugin KDevelopSourceCodeAccess, From C:/Program Files/Epic Games/4.13/Engine/Plugins/Developer/KDevelopSourceCodeAccess/KDevelopSourceCodeAccess.uplugin
LogPluginManager: Loaded Plugin NullSourceCodeAccess, From C:/Program Files/Epic Games/4.13/Engine/Plugins/Developer/NullSourceCodeAccess/NullSourceCodeAccess.uplugin
LogPluginManager: Loaded Plugin OneSkyLocalizationService, From C:/Program Files/Epic Games/4.13/Engine/Plugins/Developer/OneSkyLocalizationService/OneSkyLocalizationService.uplugin
LogPluginManager: Loaded Plugin PerforceSourceControl, From C:/Program Files/Epic Games/4.13/Engine/Plugins/Developer/PerforceSourceControl/PerforceSourceControl.uplugin
LogPluginManager: Loaded Plugin SubversionSourceControl, From C:/Program Files/Epic Games/4.13/Engine/Plugins/Developer/SubversionSourceControl/SubversionSourceControl.uplugin
LogPluginManager: Loaded Plugin UObjectPlugin, From C:/Program Files/Epic Games/4.13/Engine/Plugins/Developer/UObjectPlugin/UObjectPlugin.uplugin
LogPluginManager: Loaded Plugin VisualStudioSourceCodeAccess, From C:/Program Files/Epic Games/4.13/Engine/Plugins/Developer/VisualStudioSourceCodeAccess/VisualStudioSourceCodeAccess.uplugin
LogPluginManager: Loaded Plugin XCodeSourceCodeAccess, From C:/Program Files/Epic Games/4.13/Engine/Plugins/Developer/XCodeSourceCodeAccess/XCodeSourceCodeAccess.uplugin
LogPluginManager: Loaded Plugin EpicSurvey, From C:/Program Files/Epic Games/4.13/Engine/Plugins/Editor/EpicSurvey/EpicSurvey.uplugin
LogPluginManager: Loaded Plugin MacGraphicsSwitching, From C:/Program Files/Epic Games/4.13/Engine/Plugins/Editor/MacGraphicsSwitching/MacGraphicsSwitching.uplugin
LogPluginManager: Loaded Plugin MobileLauncherProfileWizard, From C:/Program Files/Epic Games/4.13/Engine/Plugins/Editor/MobileLauncherProfileWizard/MobileLauncherProfileWizard.uplugin
LogPluginManager: Loaded Plugin PluginBrowser, From C:/Program Files/Epic Games/4.13/Engine/Plugins/Editor/PluginBrowser/PluginBrowser.uplugin
LogPluginManager: Loaded Plugin SpeedTreeImporter, From C:/Program Files/Epic Games/4.13/Engine/Plugins/Editor/SpeedTreeImporter/SpeedTreeImporter.uplugin
LogPluginManager: Loaded Plugin SuperSearchEditor, From C:/Program Files/Epic Games/4.13/Engine/Plugins/Editor/SuperSearchEditor/SuperSearchEditor.uplugin
LogPluginManager: Loaded Plugin AlembicImporter, From C:/Program Files/Epic Games/4.13/Engine/Plugins/Experimental/AlembicImporter/AlembicImporter.uplugin
LogPluginManager: Loaded Plugin BlueprintStats, From C:/Program Files/Epic Games/4.13/Engine/Plugins/Experimental/BlueprintStats/BlueprintStats.uplugin
LogPluginManager: Loaded Plugin CharacterAI, From C:/Program Files/Epic Games/4.13/Engine/Plugins/Experimental/CharacterAI/CharacterAI.uplugin
LogPluginManager: Loaded Plugin CodeEditor, From C:/Program Files/Epic Games/4.13/Engine/Plugins/Experimental/CodeEditor/CodeEditor.uplugin
LogPluginManager: Loaded Plugin CodeView, From C:/Program Files/Epic Games/4.13/Engine/Plugins/Experimental/CodeView/CodeView.uplugin
LogPluginManager: Loaded Plugin HTML5Networking, From C:/Program Files/Epic Games/4.13/Engine/Plugins/Experimental/HTML5Networking/HTML5Networking.uplugin
LogPluginManager: Loaded Plugin LiveEditor, From C:/Program Files/Epic Games/4.13/Engine/Plugins/Experimental/LiveEditor/LiveEditor.uplugin
LogPluginManager: Loaded Plugin OSVR, From C:/Program Files/Epic Games/4.13/Engine/Plugins/Experimental/OSVR/OSVR.uplugin
LogPluginManager: Loaded Plugin Phya, From C:/Program Files/Epic Games/4.13/Engine/Plugins/Experimental/Phya/Phya.uplugin
LogPluginManager: Loaded Plugin SignificanceManager, From C:/Program Files/Epic Games/4.13/Engine/Plugins/Experimental/SignificanceManager/SignificanceManager.uplugin
LogPluginManager: Loaded Plugin SimpleHMD, From C:/Program Files/Epic Games/4.13/Engine/Plugins/Experimental/SimpleHMD/SimpleHMD.uplugin
LogPluginManager: Loaded Plugin StereoPanorama, From C:/Program Files/Epic Games/4.13/Engine/Plugins/Experimental/StereoPanorama/StereoPanorama.uplugin
LogPluginManager: Loaded Plugin StructBox, From C:/Program Files/Epic Games/4.13/Engine/Plugins/Experimental/StructBox/StructBox.uplugin
LogPluginManager: Loaded Plugin AndroidMedia, From C:/Program Files/Epic Games/4.13/Engine/Plugins/Media/AndroidMedia/AndroidMedia.uplugin
LogPluginManager: Loaded Plugin AvfMedia, From C:/Program Files/Epic Games/4.13/Engine/Plugins/Media/AvfMedia/AvfMedia.uplugin
LogPluginManager: Loaded Plugin MediaPlayerEditor, From C:/Program Files/Epic Games/4.13/Engine/Plugins/Media/MediaPlayerEditor/MediaPlayerEditor.uplugin
LogPluginManager: Loaded Plugin WmfMedia, From C:/Program Files/Epic Games/4.13/Engine/Plugins/Media/WmfMedia/WmfMedia.uplugin
LogPluginManager: Loaded Plugin MessagingDebugger, From C:/Program Files/Epic Games/4.13/Engine/Plugins/Messaging/MessagingDebugger/MessagingDebugger.uplugin
LogPluginManager: Loaded Plugin TcpMessaging, From C:/Program Files/Epic Games/4.13/Engine/Plugins/Messaging/TcpMessaging/TcpMessaging.uplugin
LogPluginManager: Loaded Plugin UdpMessaging, From C:/Program Files/Epic Games/4.13/Engine/Plugins/Messaging/UdpMessaging/UdpMessaging.uplugin
LogPluginManager: Loaded Plugin LevelSequenceEditor, From C:/Program Files/Epic Games/4.13/Engine/Plugins/MovieScene/LevelSequenceEditor/LevelSequenceEditor.uplugin
LogPluginManager: Loaded Plugin MatineeToLevelSequence, From C:/Program Files/Epic Games/4.13/Engine/Plugins/MovieScene/MatineeToLevelSequence/MatineeToLevelSequence.uplugin
LogPluginManager: Loaded Plugin NetcodeUnitTest, From C:/Program Files/Epic Games/4.13/Engine/Plugins/NetcodeUnitTest/NetcodeUnitTest/NetcodeUnitTest.uplugin
LogPluginManager: Loaded Plugin NUTUnrealEngine4, From C:/Program Files/Epic Games/4.13/Engine/Plugins/NetcodeUnitTest/NUTUnrealEngine4/NUTUnrealEngine4.uplugin
LogPluginManager: Loaded Plugin OnlineSubsystemGooglePlay, From C:/Program Files/Epic Games/4.13/Engine/Plugins/Online/Android/OnlineSubsystemGooglePlay/OnlineSubsystemGooglePlay.uplugin
LogPluginManager: Loaded Plugin OnlineSubsystemIOS, From C:/Program Files/Epic Games/4.13/Engine/Plugins/Online/IOS/OnlineSubsystemIOS/OnlineSubsystemIOS.uplugin
LogPluginManager: Loaded Plugin OnlineFramework, From C:/Program Files/Epic Games/4.13/Engine/Plugins/Online/OnlineFramework/OnlineFramework.uplugin
LogPluginManager: Loaded Plugin OnlineSubsystem, From C:/Program Files/Epic Games/4.13/Engine/Plugins/Online/OnlineSubsystem/OnlineSubsystem.uplugin
LogPluginManager: Loaded Plugin OnlineSubsystemAmazon, From C:/Program Files/Epic Games/4.13/Engine/Plugins/Online/OnlineSubsystemAmazon/OnlineSubsystemAmazon.uplugin
LogPluginManager: Loaded Plugin OnlineSubsystemFacebook, From C:/Program Files/Epic Games/4.13/Engine/Plugins/Online/OnlineSubsystemFacebook/OnlineSubsystemFacebook.uplugin
LogPluginManager: Loaded Plugin OnlineSubsystemNull, From C:/Program Files/Epic Games/4.13/Engine/Plugins/Online/OnlineSubsystemNull/OnlineSubsystemNull.uplugin
LogPluginManager: Loaded Plugin OnlineSubsystemOculus, From C:/Program Files/Epic Games/4.13/Engine/Plugins/Online/OnlineSubsystemOculus/OnlineSubsystemOculus.uplugin
LogPluginManager: Loaded Plugin OnlineSubsystemSteam, From C:/Program Files/Epic Games/4.13/Engine/Plugins/Online/OnlineSubsystemSteam/OnlineSubsystemSteam.uplugin
LogPluginManager: Loaded Plugin OnlineSubsystemUtils, From C:/Program Files/Epic Games/4.13/Engine/Plugins/Online/OnlineSubsystemUtils/OnlineSubsystemUtils.uplugin
LogPluginManager: Loaded Plugin IOSTapJoy, From C:/Program Files/Epic Games/4.13/Engine/Plugins/Runtime/Advertising/IOSTapJoy/IOSTapJoy.uplugin
LogPluginManager: Loaded Plugin AnalyticsBlueprintLibrary, From C:/Program Files/Epic Games/4.13/Engine/Plugins/Runtime/Analytics/AnalyticsBlueprintLibrary/AnalyticsBlueprintLibrary.uplugin
LogPluginManager: Loaded Plugin AnalyticsMulticast, From C:/Program Files/Epic Games/4.13/Engine/Plugins/Runtime/Analytics/AnalyticsMulticast/AnalyticsMulticast.uplugin
LogPluginManager: Loaded Plugin Apsalar, From C:/Program Files/Epic Games/4.13/Engine/Plugins/Runtime/Analytics/Apsalar/Apsalar.uplugin
LogPluginManager: Loaded Plugin FileLogging, From C:/Program Files/Epic Games/4.13/Engine/Plugins/Runtime/Analytics/FileLogging/FileLogging.uplugin
LogPluginManager: Loaded Plugin Flurry, From C:/Program Files/Epic Games/4.13/Engine/Plugins/Runtime/Analytics/Flurry/Flurry.uplugin
LogPluginManager: Loaded Plugin AndroidDeviceProfileSelector, From C:/Program Files/Epic Games/4.13/Engine/Plugins/Runtime/AndroidDeviceProfileSelector/AndroidDeviceProfileSelector.uplugin
LogPluginManager: Loaded Plugin AndroidMoviePlayer, From C:/Program Files/Epic Games/4.13/Engine/Plugins/Runtime/AndroidMoviePlayer/AndroidMoviePlayer.uplugin
LogPluginManager: Loaded Plugin AppleMoviePlayer, From C:/Program Files/Epic Games/4.13/Engine/Plugins/Runtime/AppleMoviePlayer/AppleMoviePlayer.uplugin
LogPluginManager: Loaded Plugin ArchVisCharacter, From C:/Program Files/Epic Games/4.13/Engine/Plugins/Runtime/ArchVisCharacter/ArchVisCharacter.uplugin
LogPluginManager: Loaded Plugin CableComponent, From C:/Program Files/Epic Games/4.13/Engine/Plugins/Runtime/CableComponent/CableComponent.uplugin
LogPluginManager: Loaded Plugin CustomMeshComponent, From C:/Program Files/Epic Games/4.13/Engine/Plugins/Runtime/CustomMeshComponent/CustomMeshComponent.uplugin
LogPluginManager: Loaded Plugin ExampleDeviceProfileSelector, From C:/Program Files/Epic Games/4.13/Engine/Plugins/Runtime/ExampleDeviceProfileSelector/ExampleDeviceProfileSelector.uplugin
LogPluginManager: Loaded Plugin GearVR, From C:/Program Files/Epic Games/4.13/Engine/Plugins/Runtime/GearVR/GearVR.uplugin
LogPluginManager: Loaded Plugin GoogleVRController, From C:/Program Files/Epic Games/4.13/Engine/Plugins/Runtime/GoogleVR/GoogleVRController/GoogleVRController.uplugin
LogPluginManager: Loaded Plugin GoogleVRHMD, From C:/Program Files/Epic Games/4.13/Engine/Plugins/Runtime/GoogleVR/GoogleVRHMD/GoogleVRHMD.uplugin
LogPluginManager: Loaded Plugin IOSDeviceProfileSelector, From C:/Program Files/Epic Games/4.13/Engine/Plugins/Runtime/IOSDeviceProfileSelector/IOSDeviceProfileSelector.uplugin
LogPluginManager: Loaded Plugin LeapMotion, From C:/Program Files/Epic Games/4.13/Engine/Plugins/Runtime/LeapMotion/LeapMotion.uplugin
LogPluginManager: Loaded Plugin LinuxDeviceProfileSelector, From C:/Program Files/Epic Games/4.13/Engine/Plugins/Runtime/LinuxDeviceProfileSelector/LinuxDeviceProfileSelector.uplugin
LogPluginManager: Loaded Plugin LiveEditorListenServer, From C:/Program Files/Epic Games/4.13/Engine/Plugins/Runtime/LiveEditorListenServer/LiveEditorListenServer.uplugin
LogPluginManager: Loaded Plugin OculusAudio, From C:/Program Files/Epic Games/4.13/Engine/Plugins/Runtime/OculusAudio/OculusAudio.uplugin
LogPluginManager: Loaded Plugin OculusInput, From C:/Program Files/Epic Games/4.13/Engine/Plugins/Runtime/OculusInput/OculusInput.uplugin
LogPluginManager: Loaded Plugin OculusLibrary, From C:/Program Files/Epic Games/4.13/Engine/Plugins/Runtime/OculusLibrary/OculusLibrary.uplugin
LogPluginManager: Loaded Plugin OculusRift, From C:/Program Files/Epic Games/4.13/Engine/Plugins/Runtime/OculusRift/OculusRift.uplugin
LogPluginManager: Loaded Plugin Oodle, From C:/Program Files/Epic Games/4.13/Engine/Plugins/Runtime/PacketHandlers/CompressionComponents/Oodle/Oodle.uplugin
LogPluginManager: Loaded Plugin ProceduralMeshComponent, From C:/Program Files/Epic Games/4.13/Engine/Plugins/Runtime/ProceduralMeshComponent/ProceduralMeshComponent.uplugin
LogPluginManager: Loaded Plugin SoundMod, From C:/Program Files/Epic Games/4.13/Engine/Plugins/Runtime/SoundMod/SoundMod.uplugin
LogPluginManager: Loaded Plugin SoundVisualizations, From C:/Program Files/Epic Games/4.13/Engine/Plugins/Runtime/SoundVisualizations/SoundVisualizations.uplugin
LogPluginManager: Loaded Plugin SteamController, From C:/Program Files/Epic Games/4.13/Engine/Plugins/Runtime/Steam/SteamController/SteamController.uplugin
LogPluginManager: Loaded Plugin SteamVR, From C:/Program Files/Epic Games/4.13/Engine/Plugins/Runtime/Steam/SteamVR/SteamVR.uplugin
LogPluginManager: Loaded Plugin WebBrowserWidget, From C:/Program Files/Epic Games/4.13/Engine/Plugins/Runtime/WebBrowserWidget/WebBrowserWidget.uplugin
LogPluginManager: Loaded Plugin WindowsDeviceProfileSelector, From C:/Program Files/Epic Games/4.13/Engine/Plugins/Runtime/WindowsDeviceProfileSelector/WindowsDeviceProfileSelector.uplugin
LogPluginManager: Loaded Plugin WindowsMoviePlayer, From C:/Program Files/Epic Games/4.13/Engine/Plugins/Runtime/WindowsMoviePlayer/WindowsMoviePlayer.uplugin
LogPluginManager: Loaded Plugin ScriptPlugin, From C:/Program Files/Epic Games/4.13/Engine/Plugins/ScriptPlugin/ScriptPlugin.uplugin
LogPluginManager: Loaded Plugin SlateRemote, From C:/Program Files/Epic Games/4.13/Engine/Plugins/Slate/SlateRemote/SlateRemote.uplugin
LogInit: Using libcurl 7.47.1
LogInit:  - built for x86_64-pc-win32
LogInit:  - supports SSL with WinSSL
LogInit:  - other features:
LogInit:      CURL_VERSION_SSL
LogInit:      CURL_VERSION_IPV6
LogInit:      CURL_VERSION_ASYNCHDNS
LogInit:      CURL_VERSION_LARGEFILE
LogInit:      CURL_VERSION_IDN
LogInit:  CurlRequestOptions (configurable via config and command line):
LogInit:  - bVerifyPeer = false  - Libcurl will NOT verify peer certificate
LogInit:  - bUseHttpProxy = false  - Libcurl will NOT use HTTP proxy
LogInit:  - bDontReuseConnections = false  - Libcurl will reuse connections
LogInit:  - CertBundlePath = nullptr  - Libcurl will use whatever was configured at build time.
LogInit: Build: ++UE4+Release-4.13-CL-3142249
LogInit: Engine Version: 4.13.1-3142249+++UE4+Release-4.13
LogInit: Compatible Engine Version: 4.13.0-3106830+++UE4+Release-4.13
LogInit: Net CL: 3142249
LogDevObjectVersion: Number of dev versions registered: 13
LogDevObjectVersion:   Dev-Blueprints (B0D832E4-1F89-4F0D-ACCF-7EB736FD4AA2): 5
LogDevObjectVersion:   Dev-Build (E1C64328-A22C-4D53-A36C-8E866417BD8C): 0
LogDevObjectVersion:   Dev-Core (375EC13C-06E4-48FB-B500-84F0262A717E): 1
LogDevObjectVersion:   Dev-Editor (E4B068ED-F494-42E9-A231-DA0B2E46BB41): 6
LogDevObjectVersion:   Dev-Framework (CFFC743F-43B0-4480-9391-14DF171D2073): 12
LogDevObjectVersion:   Dev-Mobile (B02B49B5-BB20-44E9-A304-32B752E40360): 0
LogDevObjectVersion:   Dev-Networking (A4E4105C-59A1-49B5-A7C5-40C4547EDFEE): 0
LogDevObjectVersion:   Dev-Online (39C831C9-5AE6-47DC-9A44-9C173E1C8E7C): 0
LogDevObjectVersion:   Dev-Physics (78F01B33-EBEA-4F98-B9B4-84EACCB95AA2): 0
LogDevObjectVersion:   Dev-Platform (6631380F-2D4D-43E0-8009-CF276956A95A): 0
LogDevObjectVersion:   Dev-Rendering (12F88B9F-8875-4AFC-A67C-D90C383ABD29): 4
LogDevObjectVersion:   Dev-Sequencer (7B5AE74C-D270-4C10-A958-57980B212A5A): 0
LogDevObjectVersion:   Dev-VR (D7296918-1DD6-4BDD-9DE2-64A83CC13884): 0
LogInit: Compiled (64-bit): Sep 28 2016 02:12:12
LogInit: Compiled with Visual C++: 19.00.23026.00
LogInit: Build Configuration: Development
LogInit: Branch Name: ++UE4+Release-4.13
LogInit: Command line:  
LogInit: Base directory: C:/Program Files/Epic Games/4.13/Engine/Binaries/Win64/
LogInit: Installed Engine Build: 1
LogInit: Presizing for max 8388607 objects, including 0 objects not considered by GC, pre-allocating 0 bytes for permanent pool.
LogInit: Object subsystem initialized
[2016.10.25-03.47.10:665][  0]LogInit: Selected Device Profile: [Windows]
[2016.10.25-03.47.10:665][  0]LogInit: Applying CVar settings loaded from the selected device profile: [Windows]
[2016.10.25-03.47.10:729][  0]LogInit: Computer: GAMING-PC
[2016.10.25-03.47.10:729][  0]LogInit: User: Gaming
[2016.10.25-03.47.10:729][  0]LogInit: CPU Page size=65536, Cores=4
[2016.10.25-03.47.10:729][  0]LogInit: High frequency timer resolution =3.418085 MHz
[2016.10.25-03.47.10:730][  0]LogMemory: Memory total: Physical=8.0GB (8GB approx)
[2016.10.25-03.47.10:730][  0]LogMemory: Platform Memory Stats for Windows
[2016.10.25-03.47.10:730][  0]LogMemory: Process Physical Memory: 257.19 MB used, 257.19 MB peak
[2016.10.25-03.47.10:730][  0]LogMemory: Process Virtual Memory: 260.09 MB used, 260.09 MB peak
[2016.10.25-03.47.10:730][  0]LogMemory: Physical Memory: 4126.46 MB used, 8184.76 MB total
[2016.10.25-03.47.10:730][  0]LogMemory: Virtual Memory: 623.22 MB used, 134217728.00 MB total
[2016.10.25-03.47.10:870][  0]LogTextLocalizationManager: No specific translations for ('en-US') exist, so ('en') translations will be used.
[2016.10.25-03.47.15:736][  0]LogD3D11RHI: D3D11 adapters:
[2016.10.25-03.47.15:761][  0]LogD3D11RHI:    0. 'AMD Radeon (TM) R7 370 Series' (Feature Level 11_0)
[2016.10.25-03.47.15:761][  0]LogD3D11RHI:       4077/0/4092 MB DedicatedVideo/DedicatedSystem/SharedSystem, Outputs:1, VendorId:0x1002
[2016.10.25-03.47.15:763][  0]LogD3D11RHI:    1. 'Microsoft Basic Render Driver' (Feature Level 11_0)
[2016.10.25-03.47.15:763][  0]LogD3D11RHI:       0/0/4092 MB DedicatedVideo/DedicatedSystem/SharedSystem, Outputs:0, VendorId:0x1414
[2016.10.25-03.47.15:763][  0]LogD3D11RHI: Chosen D3D11 Adapter: 0
[2016.10.25-03.47.15:772][  0]LogD3D11RHI: Creating new Direct3DDevice
[2016.10.25-03.47.15:772][  0]LogD3D11RHI:     GPU DeviceId: 0x6811 (for the marketing name, search the web for "GPU Device Id")
[2016.10.25-03.47.15:772][  0]LogWindows: EnumDisplayDevices:
[2016.10.25-03.47.15:772][  0]LogWindows:    0. 'AMD Radeon (TM) R7 370 Series' (P:1 D:1)
[2016.10.25-03.47.15:773][  0]LogWindows:    1. 'AMD Radeon (TM) R7 370 Series' (P:0 D:0)
[2016.10.25-03.47.15:773][  0]LogWindows:    2. 'AMD Radeon (TM) R7 370 Series' (P:0 D:0)
[2016.10.25-03.47.15:774][  0]LogWindows:    3. 'AMD Radeon (TM) R7 370 Series' (P:0 D:0)
[2016.10.25-03.47.15:774][  0]LogWindows:    4. 'AMD Radeon (TM) R7 370 Series' (P:0 D:0)
[2016.10.25-03.47.15:775][  0]LogWindows:    5. 'AMD Radeon (TM) R7 370 Series' (P:0 D:0)
[2016.10.25-03.47.15:775][  0]LogWindows: DebugString: FoundDriverCount:6 
[2016.10.25-03.47.15:775][  0]LogD3D11RHI:     Adapter Name: AMD Radeon (TM) R7 370 Series
[2016.10.25-03.47.15:775][  0]LogD3D11RHI:   Driver Version: Crimson 16.7.3 (internal:16.300.2311.0, unified:16.300.2311.0)
[2016.10.25-03.47.15:775][  0]LogD3D11RHI:      Driver Date: 7-18-2016
[2016.10.25-03.47.15:775][  0]LogRHI: Texture pool is 1361 MB (70% of 1945 MB)
[2016.10.25-03.47.15:787][  0]LogD3D11RHI: Async texture creation enabled
[2016.10.25-03.47.15:808][  0]LogD3D11RHI: GPU Timing Frequency: 27.000000 (Debug: 2 1)
[2016.10.25-03.47.15:809][  0]LogShaderCompilers: Guid format shader working directory is -16 characters bigger than the processId version (../../../../../../Users/Gaming/Desktop/UE4 Projects/Cyberspook/Intermediate/Shaders/WorkingDirectory/12184/).
[2016.10.25-03.47.15:809][  0]LogShaderCompilers: Cleaned the shader compiler working directory 'C:/Users/Gaming/AppData/Local/Temp/UnrealShaderWorkingDir/05D01EE5431AC5DB79C883953E694CA2/'.
[2016.10.25-03.47.15:809][  0]LogShaderCompilers:Display: Using Local Shader Compiler.
[2016.10.25-03.47.19:742][  0]LogTemp:Display: Loaded TP AllDesktopTargetPlatform
[2016.10.25-03.47.19:755][  0]LogTemp:Display: Loaded TP WindowsClientTargetPlatform
[2016.10.25-03.47.19:768][  0]LogTemp:Display: Loaded TP WindowsNoEditorTargetPlatform
[2016.10.25-03.47.19:780][  0]LogTemp:Display: Loaded TP WindowsServerTargetPlatform
[2016.10.25-03.47.19:793][  0]LogTemp:Display: Loaded TP WindowsTargetPlatform
[2016.10.25-03.47.19:813][  0]LogTemp:Display: Loaded TP AndroidTargetPlatform
[2016.10.25-03.47.19:825][  0]LogTemp:Display: Loaded TP Android_ASTCTargetPlatform
[2016.10.25-03.47.19:840][  0]LogTemp:Display: Loaded TP Android_ATCTargetPlatform
[2016.10.25-03.47.19:852][  0]LogTemp:Display: Loaded TP Android_DXTTargetPlatform
[2016.10.25-03.47.19:862][  0]LogTemp:Display: Loaded TP Android_ETC1TargetPlatform
[2016.10.25-03.47.19:874][  0]LogTemp:Display: Loaded TP Android_ETC2TargetPlatform
[2016.10.25-03.47.19:894][  0]LogTemp:Display: Loaded TP Android_MultiTargetPlatform
[2016.10.25-03.47.19:894][  0]LogTemp:Display: Loaded TP Android_PVRTCTargetPlatform
[2016.10.25-03.47.19:895][  0]LogTemp:Display: Loaded TP HTML5TargetPlatform
[2016.10.25-03.47.19:933][  0]LogTemp:Display: Loaded TP IOSTargetPlatform
[2016.10.25-03.47.19:943][  0]LogTemp:Display: Loaded TP TVOSTargetPlatform
[2016.10.25-03.47.19:952][  0]LogTemp:Display: Loaded TP LinuxClientTargetPlatform
[2016.10.25-03.47.19:962][  0]LogTemp:Display: Loaded TP LinuxNoEditorTargetPlatform
[2016.10.25-03.47.19:974][  0]LogTemp:Display: Loaded TP LinuxServerTargetPlatform
[2016.10.25-03.47.19:997][  0]LogTemp:Display: Loaded TP LinuxTargetPlatform
[2016.10.25-03.47.19:997][  0]LogTargetPlatformManager:Display: Building Assets For Windows
[2016.10.25-03.47.20:150][  0]LogDerivedDataCache:Display: Max Cache Size: 512 MB
[2016.10.25-03.47.20:874][  0]LogDerivedDataCache: Loaded boot cache 0.72s 62MB C:/Users/Gaming/AppData/Local/UnrealEngine/4.13/DerivedDataCache/Boot.ddc.
[2016.10.25-03.47.20:874][  0]LogDerivedDataCache:Display: Loaded Boot cache: C:/Users/Gaming/AppData/Local/UnrealEngine/4.13/DerivedDataCache/Boot.ddc
[2016.10.25-03.47.20:874][  0]LogDerivedDataCache: FDerivedDataBackendGraph:  Pak pak cache file ../../../../../../Users/Gaming/Desktop/UE4 Projects/Cyberspook/DerivedDataCache/DDC.ddp not found, will not use a pak cache.
[2016.10.25-03.47.20:874][  0]LogDerivedDataCache: Unable to find inner node Pak for hierarchical cache Hierarchy.
[2016.10.25-03.47.20:874][  0]LogDerivedDataCache: FDerivedDataBackendGraph:  CompressedPak pak cache file ../../../../../../Users/Gaming/Desktop/UE4 Projects/Cyberspook/DerivedDataCache/Compressed.ddp not found, will not use a pak cache.
[2016.10.25-03.47.20:874][  0]LogDerivedDataCache: Unable to find inner node CompressedPak for hierarchical cache Hierarchy.
[2016.10.25-03.47.20:901][  0]LogDerivedDataCache:Display: Pak cache opened for reading ../../../Engine/DerivedDataCache/Compressed.ddp.
[2016.10.25-03.47.20:914][  0]LogDerivedDataCache: Using Local data cache path C:/Users/Gaming/AppData/Local/UnrealEngine/Common/DerivedDataCache: Writable
[2016.10.25-03.47.21:252][  0]LogInit: Selected Device Profile: [Windows]
[2016.10.25-03.47.21:257][  0]LogContentStreaming: Texture pool size is 0.00 MB
[2016.10.25-03.47.21:399][  0]LogMeshUtilities: No automatic mesh reduction module available
[2016.10.25-03.47.21:399][  0]LogMeshUtilities: No automatic mesh merging module available
[2016.10.25-03.47.21:399][  0]LogMeshUtilities: No distributed automatic mesh merging module available
[2016.10.25-03.47.21:501][  0]LogMaterial: Uniform references updated for custom material expression Custom.
[2016.10.25-03.47.22:153][  0]LogNetVersion: GetLocalNetworkVersion: CL: 3106830, ProjectName: cyberpunk, ProjectVersion: , EngineNetworkVersion: 1, GameNetworkVersion: 0, NetworkChecksum: 1938615575
[2016.10.25-03.47.22:196][  0]LogAssetRegistry: FAssetRegistry took 0.0223 seconds to start up
[2016.10.25-03.47.22:249][  0]LogPackageLocalizationCache: Processed 3 localized package path(s) for 2 prioritized culture(s) in 0.045449 seconds
[2016.10.25-03.47.22:260][  0]LogUObjectArray: 29778 objects as part of root set at end of initial load.
[2016.10.25-03.47.22:260][  0]LogUObjectAllocator: 6125448 out of 0 bytes used by permanent object pool.
[2016.10.25-03.47.22:260][  0]LogUObjectArray: CloseDisregardForGC: 0/0 objects in disregard for GC pool
[2016.10.25-03.47.22:283][  0]LogInit: WinSock: version 1.1 (2.2), MaxSocks=32767, MaxUdp=65467
[2016.10.25-03.47.22:953][  0]LogSlate: SlateFontCache - WITH_FREETYPE: 1, WITH_HARFBUZZ: 1
[2016.10.25-03.47.22:953][  0]LogSlate: SlateFontCache - WITH_FREETYPE: 1, WITH_HARFBUZZ: 1
[2016.10.25-03.47.42:439][  0]LogTcpMessaging: Initializing TcpMessaging bridge
[2016.10.25-03.47.42:471][  0]LogUdpMessaging: Initializing bridge on interface 0.0.0.0:0 to multicast group 230.0.0.1:6666.
[2016.10.25-03.47.43:155][  0]SourceControl: Info Source control is disabled
[2016.10.25-03.47.43:261][  0]SourceControl: Info Source control is disabled
[2016.10.25-03.47.43:282][  0]SourceControl: Info Source control is disabled
[2016.10.25-03.47.43:302][  0]SourceControl: Info Source control is disabled
[2016.10.25-03.47.44:268][  0]LogEngine: Initializing Engine...
[2016.10.25-03.47.44:269][  0]LogHMD: Failed to initialize OpenVR with code 110
[2016.10.25-03.47.44:456][  0]LogAIModule: Creating AISystem for world Untitled
[2016.10.25-03.47.44:486][  0]LogInit: XAudio2 using '1 - Panasonic-TV (AMD High Definition Audio Device)' : 2 channels at 48 kHz using 16 bits per sample (channel mask 0x3)
[2016.10.25-03.47.44:514][  0]LogInit: FAudioDevice initialized.
[2016.10.25-03.47.44:525][  0]LogDerivedDataCache:Error: Could not save memory cache C:/Users/Gaming/AppData/Local/UnrealEngine/4.13/DerivedDataCache/Boot.ddc.
[2016.10.25-03.47.44:547][  0]LogInit: Texture streaming: Enabled
[2016.10.25-03.47.44:726][  0]LogInit: Transaction tracking system initialized
[2016.10.25-03.47.44:773][  0]BlueprintLog: New page: Editor Load
[2016.10.25-03.47.44:956][  0]LocalizationService: Info Localization service is disabled
[2016.10.25-03.47.45:432][  0]LogConsoleResponse:Display: 
[2016.10.25-03.47.46:084][  0]LogCook:Display: Max memory allowance for cook 16384mb min free memory 0mb
[2016.10.25-03.47.46:085][  0]LogCook:Display: Mobile HDR setting 1
[2016.10.25-03.47.46:750][  0]LogFileCache: Scanning file cache for directory 'C:/Users/Gaming/Desktop/UE4 Projects/Cyberspook/Content/' took 0.07s
[2016.10.25-03.47.46:750][  0]SourceControl: Info Source control is disabled
[2016.10.25-03.47.46:750][  0]Cmd: MAP LOAD FILE="../../../../../../Users/Gaming/Desktop/UE4 Projects/Cyberspook/Content/ThirdPersonBP/Maps/ThirdPersonExampleMap.umap" TEMPLATE=0 SHOWPROGRESS=1 FEATURELEVEL=3
[2016.10.25-03.47.46:751][  0]LightingResults: New page: Lighting Build
[2016.10.25-03.47.46:758][  0]MapCheck: New page: Map Check
[2016.10.25-03.47.46:758][  0]LightingResults: New page: Lighting Build
[2016.10.25-03.47.48:497][  0]LogAIModule: Creating AISystem for world ThirdPersonExampleMap
[2016.10.25-03.47.48:533][  0]LogEditorServer: Finished looking for orphan Actors (0.000 secs)
[2016.10.25-03.47.48:535][  0]Cmd: MAP CHECKDEP NOCLEARLOG
[2016.10.25-03.47.48:638][  0]MapCheck: Info Map check complete: 0 Error(s), 0 Warning(s), took 102.692ms to complete.
[2016.10.25-03.47.48:638][  0]LogFileHelpers: Loading map 'ThirdPersonExampleMap' took 1.888
[2016.10.25-03.47.48:805][  0]LogCollectionManager: Loaded 0 collections in 0.004708 seconds
[2016.10.25-03.47.48:853][  0]LogFileCache: Scanning file cache for directory 'C:/Users/Gaming/Desktop/UE4 Projects/Cyberspook/Saved/Collections/' took 0.01s
[2016.10.25-03.47.48:853][  0]LogFileCache: Scanning file cache for directory 'C:/Users/Gaming/Desktop/UE4 Projects/Cyberspook/Content/Developers/Gaming/Collections/' took 0.01s
[2016.10.25-03.47.48:853][  0]LogFileCache: Scanning file cache for directory 'C:/Users/Gaming/Desktop/UE4 Projects/Cyberspook/Content/Collections/' took 0.01s
[2016.10.25-03.47.48:853][  0]LogCollectionManager: Rebuilt the GUID cache for 0 collections in 0.000004 seconds
[2016.10.25-03.47.48:869][  0]LogContentBrowser: Native class hierarchy populated in 0.0156 seconds. Added 2141 classes and 415 folders.
[2016.10.25-03.47.48:878][  0]LogStats: UGameplayTagsManager::ConstructGameplayTagTree: Construct from data asset -  0.000 s
[2016.10.25-03.47.48:878][  0]LogStats: UGameplayTagsManager::ConstructGameplayTagTree: GameplayTagTreeChangedEvent.Broadcast -  0.000 s
[2016.10.25-03.47.48:879][  0]LogContentBrowser: Native class hierarchy updated for 'GameplayTags' in 0.0008 seconds. Added 12 classes and 0 folders.
[2016.10.25-03.47.48:891][  0]LogContentBrowser: Native class hierarchy updated for 'WidgetCarousel' in 0.0007 seconds. Added 0 classes and 0 folders.
[2016.10.25-03.47.50:230][  0]LogContentBrowser: Native class hierarchy updated for 'AddContentDialog' in 0.0014 seconds. Added 0 classes and 0 folders.
[2016.10.25-03.47.50:251][  0]LogContentBrowser: Native class hierarchy updated for 'SceneOutliner' in 0.0014 seconds. Added 1 classes and 2 folders.
[2016.10.25-03.47.50:320][  0]LogCrashTracker: Crashtracker disabled due to settings.
[2016.10.25-03.47.50:328][  0]LogUObjectGlobals:Warning: Failed to find object 'Class None.'
[2016.10.25-03.47.50:357][  0]LogContentBrowser: Native class hierarchy updated for 'HierarchicalLODOutliner' in 0.0006 seconds. Added 1 classes and 2 folders.
[2016.10.25-03.47.50:358][  0]LogLoad: (Engine Initialization) Total time: 41.79 seconds
[2016.10.25-03.47.50:358][  0]LogLoad: (Engine Initialization) Total Blueprint compile time: 0.43 seconds
[2016.10.25-03.47.50:358][  0]LogExternalProfiler: Found external profiler: VSPerf
[2016.10.25-03.47.50:358][  0]LogExternalProfiler: Using external profiler: VSPerf
[2016.10.25-03.47.50:698][  0]LogOcInput: OculusInput pre-init called
[2016.10.25-03.47.50:727][  0]LogContentStreaming: Texture pool size now 1000 MB
[2016.10.25-03.47.51:184][  1]LogRenderer: Reallocating scene render targets to support 128x128 (Frame:1).
[2016.10.25-03.47.51:575][  2]LogRenderer: Reallocating scene render targets to support 724x252 (Frame:2).
[2016.10.25-03.47.51:626][  3]LogRenderer: Reallocating scene render targets to support 724x256 (Frame:3).
[2016.10.25-03.47.52:602][  5]LogAssetRegistry: Asset discovery search completed in 30.4286 seconds
[2016.10.25-03.47.52:602][  5]LogCollectionManager: Rebuilt the object cache for 0 collections in 0.000001 seconds (found 0 objects)
[2016.10.25-03.47.52:602][  5]LogCollectionManager: Fixed up redirectors for 0 collections in 0.000037 seconds (updated 0 objects)
[2016.10.25-03.48.12:809][306]LogAIModule: Creating AISystem for world CyberPunk
[2016.10.25-03.48.12:879][306]Cmd: MAP LOAD FILE="../../../../../../Users/Gaming/Desktop/UE4 Projects/Cyberspook/Content/CyberPunk.umap" TEMPLATE=0 SHOWPROGRESS=1 FEATURELEVEL=3
[2016.10.25-03.48.12:879][306]LightingResults: New page: Lighting Build
[2016.10.25-03.48.12:880][306]LoadErrors: New page: Loading map: CyberPunk.umap
[2016.10.25-03.48.12:882][306]MapCheck: New page: Map Check
[2016.10.25-03.48.12:882][306]LightingResults: New page: Lighting Build
[2016.10.25-03.48.12:922][306]LogEditorServer: Finished looking for orphan Actors (0.000 secs)
[2016.10.25-03.48.12:965][306]Cmd: MAP CHECKDEP NOCLEARLOG
[2016.10.25-03.48.13:039][306]MapCheck: Info Map check complete: 0 Error(s), 0 Warning(s), took 73.976ms to complete.
[2016.10.25-03.48.13:039][306]LogFileHelpers: Loading map 'CyberPunk' took 0.161
[2016.10.25-03.48.44:773][628]LogEditorViewport: Clicking on Actor (context menu): ThirdPersonCharacter_C (ThirdPersonCharacter)
[2016.10.25-03.48.52:230][273]LogContentBrowser: Native class hierarchy updated for 'BlueprintGraph' in 0.0012 seconds. Added 112 classes and 0 folders.
[2016.10.25-03.51.42:348][567]LogBlueprint:Warning: [ThirdPersonCharacter] 'Is Running' variable not found. Base class was probably changed.
[2016.10.25-03.53.42:582][951]BlueprintLog: New page: Compile ThirdPersonCharacter
[2016.10.25-03.54.29:451][290]BlueprintLog: New page: Compile HeadBobbing
[2016.10.25-03.54.36:854][ 28]LogPlayLevel: PlayLevel: No blueprints needed recompiling
[2016.10.25-03.54.36:854][ 28]PIE: New page: PIE session: CyberPunk (Oct 25, 2016, 4:54:36 AM)
[2016.10.25-03.54.36:854][ 28]LogPlayLevel: Creating play world package: /Game/UEDPIE_0_CyberPunk
[2016.10.25-03.54.37:235][ 28]LogPlayLevel: PIE: StaticDuplicateObject took: (0.380051s)
[2016.10.25-03.54.37:237][ 28]LogAIModule: Creating AISystem for world CyberPunk
[2016.10.25-03.54.37:238][ 28]LogPlayLevel: PIE: World Init took: (0.002457s)
[2016.10.25-03.54.37:239][ 28]LogPlayLevel: PIE: Created PIE world by copying editor world from /Game/CyberPunk.CyberPunk to /Game/UEDPIE_0_CyberPunk.CyberPunk (0.383974s)
[2016.10.25-03.54.37:318][ 28]LogInit: XAudio2 using '1 - Panasonic-TV (AMD High Definition Audio Device)' : 2 channels at 48 kHz using 16 bits per sample (channel mask 0x3)
[2016.10.25-03.54.37:330][ 28]LogInit: FAudioDevice initialized.
[2016.10.25-03.54.37:376][ 28]LogWorld: Game class is 'ThirdPersonGameMode_C'
[2016.10.25-03.54.37:408][ 28]LogWorld: Bringing World /Game/UEDPIE_0_CyberPunk.CyberPunk up for play (max tick rate 0) at 2016.10.25-04.54.37
[2016.10.25-03.54.37:409][ 28]LogWorld: Bringing up level for play took: 0.030786
[2016.10.25-03.54.37:417][ 28]LogContentBrowser: Native class hierarchy updated for 'MovieSceneCapture' in 0.0007 seconds. Added 11 classes and 0 folders.
[2016.10.25-03.54.37:417][ 28]LogGameMode:Display: Match State Changed from EnteringMap to WaitingToStart
[2016.10.25-03.54.37:417][ 28]LogGameState: Match State Changed from EnteringMap to WaitingToStart
[2016.10.25-03.54.37:417][ 28]LogGameMode:Display: Match State Changed from WaitingToStart to InProgress
[2016.10.25-03.54.37:418][ 28]LogGameState: Match State Changed from WaitingToStart to InProgress
[2016.10.25-03.54.37:418][ 28]PIE: Info Play in editor start time for /Game/UEDPIE_0_CyberPunk -0.122
[2016.10.25-03.57.01:313][604]LogPlayLevel: PlayLevel: No blueprints needed recompiling
[2016.10.25-03.57.01:313][604]PIE: New page: PIE session: CyberPunk (Oct 25, 2016, 4:57:01 AM)
[2016.10.25-03.57.01:313][604]LogPlayLevel: Creating play world package: /Game/UEDPIE_0_CyberPunk
[2016.10.25-03.57.01:401][604]LogPlayLevel: PIE: StaticDuplicateObject took: (0.087957s)
[2016.10.25-03.57.01:402][604]LogAIModule: Creating AISystem for world CyberPunk
[2016.10.25-03.57.01:402][604]LogPlayLevel: PIE: World Init took: (0.001154s)
[2016.10.25-03.57.01:402][604]LogPlayLevel: PIE: Created PIE world by copying editor world from /Game/CyberPunk.CyberPunk to /Game/UEDPIE_0_CyberPunk.CyberPunk (0.089551s)
[2016.10.25-03.57.01:471][604]LogInit: XAudio2 using '1 - Panasonic-TV (AMD High Definition Audio Device)' : 2 channels at 48 kHz using 16 bits per sample (channel mask 0x3)
[2016.10.25-03.57.01:481][604]LogInit: FAudioDevice initialized.
[2016.10.25-03.57.01:512][604]LogWorld: Game class is 'ThirdPersonGameMode_C'
[2016.10.25-03.57.01:538][604]LogWorld: Bringing World /Game/UEDPIE_0_CyberPunk.CyberPunk up for play (max tick rate 0) at 2016.10.25-04.57.01
[2016.10.25-03.57.01:538][604]LogWorld: Bringing up level for play took: 0.025182
[2016.10.25-03.57.01:539][604]LogGameMode:Display: Match State Changed from EnteringMap to WaitingToStart
[2016.10.25-03.57.01:539][604]LogGameState: Match State Changed from EnteringMap to WaitingToStart
[2016.10.25-03.57.01:539][604]LogGameMode:Display: Match State Changed from WaitingToStart to InProgress
[2016.10.25-03.57.01:540][604]LogGameState: Match State Changed from WaitingToStart to InProgress
[2016.10.25-03.57.01:540][604]PIE: Info Play in editor start time for /Game/UEDPIE_0_CyberPunk -0
[2016.10.25-03.57.03:100][783]LogScript:Warning: Accessed None trying to read property PhysicsHandle
	ThirdPersonCharacter_C /Game/UEDPIE_0_CyberPunk.CyberPunk:PersistentLevel.ThirdPersonCharacter_222
	Function /Game/ThirdPersonBP/Blueprints/ThirdPersonCharacter.ThirdPersonCharacter_C:ExecuteUbergraph_ThirdPersonCharacter:0F1E
[2016.10.25-03.57.03:113][783]PIE:Error: Error Blueprint Runtime Error: Accessed None trying to read property PhysicsHandle from function: 'ExecuteUbergraph_ThirdPersonCharacter' from node: Set Target Location and Rotation in graph: EventGraph in object: ThirdPersonCharacter with description: Accessed None trying to read property PhysicsHandle
[2016.10.25-03.57.03:119][784]LogScript:Warning: Accessed None trying to read property PhysicsHandle
	ThirdPersonCharacter_C /Game/UEDPIE_0_CyberPunk.CyberPunk:PersistentLevel.ThirdPersonCharacter_222
	Function /Game/ThirdPersonBP/Blueprints/ThirdPersonCharacter.ThirdPersonCharacter_C:ExecuteUbergraph_ThirdPersonCharacter:0F1E
[2016.10.25-03.57.03:120][784]PIE:Error: Error Blueprint Runtime Error: Accessed None trying to read property PhysicsHandle from function: 'ExecuteUbergraph_ThirdPersonCharacter' from node: Set Target Location and Rotation in graph: EventGraph in object: ThirdPersonCharacter with description: Accessed None trying to read property PhysicsHandle
[2016.10.25-03.57.03:128][785]LogScript:Warning: Accessed None trying to read property PhysicsHandle
	ThirdPersonCharacter_C /Game/UEDPIE_0_CyberPunk.CyberPunk:PersistentLevel.ThirdPersonCharacter_222
	Function /Game/ThirdPersonBP/Blueprints/ThirdPersonCharacter.ThirdPersonCharacter_C:ExecuteUbergraph_ThirdPersonCharacter:0F1E
[2016.10.25-03.57.03:128][785]PIE:Error: Error Blueprint Runtime Error: Accessed None trying to read property PhysicsHandle from function: 'ExecuteUbergraph_ThirdPersonCharacter' from node: Set Target Location and Rotation in graph: EventGraph in object: ThirdPersonCharacter with description: Accessed None trying to read property PhysicsHandle
[2016.10.25-03.57.03:136][786]LogScript:Warning: Accessed None trying to read property PhysicsHandle
	ThirdPersonCharacter_C /Game/UEDPIE_0_CyberPunk.CyberPunk:PersistentLevel.ThirdPersonCharacter_222
	Function /Game/ThirdPersonBP/Blueprints/ThirdPersonCharacter.ThirdPersonCharacter_C:ExecuteUbergraph_ThirdPersonCharacter:0F1E
[2016.10.25-03.57.03:136][786]PIE:Error: Error Blueprint Runtime Error: Accessed None trying to read property PhysicsHandle from function: 'ExecuteUbergraph_ThirdPersonCharacter' from node: Set Target Location and Rotation in graph: EventGraph in object: ThirdPersonCharacter with description: Accessed None trying to read property PhysicsHandle
[2016.10.25-03.57.03:144][787]LogScript:Warning: Accessed None trying to read property PhysicsHandle
	ThirdPersonCharacter_C /Game/UEDPIE_0_CyberPunk.CyberPunk:PersistentLevel.ThirdPersonCharacter_222
	Function /Game/ThirdPersonBP/Blueprints/ThirdPersonCharacter.ThirdPersonCharacter_C:ExecuteUbergraph_ThirdPersonCharacter:0F53
[2016.10.25-03.57.03:145][787]PIE:Error: Error Blueprint Runtime Error: Accessed None trying to read property PhysicsHandle from function: 'ExecuteUbergraph_ThirdPersonCharacter' from node: Release Component in graph: EventGraph in object: ThirdPersonCharacter with description: Accessed None trying to read property PhysicsHandle
[2016.10.25-03.57.28:335][717]BlueprintLog: New page: Compile HeadBobbing
[2016.10.25-03.57.33:427][229]LogPlayLevel: PlayLevel: No blueprints needed recompiling
[2016.10.25-03.57.33:427][229]PIE: New page: PIE session: CyberPunk (Oct 25, 2016, 4:57:33 AM)
[2016.10.25-03.57.33:427][229]LogPlayLevel: Creating play world package: /Game/UEDPIE_0_CyberPunk
[2016.10.25-03.57.33:517][229]LogPlayLevel: PIE: StaticDuplicateObject took: (0.090155s)
[2016.10.25-03.57.33:518][229]LogAIModule: Creating AISystem for world CyberPunk
[2016.10.25-03.57.33:518][229]LogPlayLevel: PIE: World Init took: (0.001168s)
[2016.10.25-03.57.33:519][229]LogPlayLevel: PIE: Created PIE world by copying editor world from /Game/CyberPunk.CyberPunk to /Game/UEDPIE_0_CyberPunk.CyberPunk (0.091770s)
[2016.10.25-03.57.33:585][229]LogInit: XAudio2 using '1 - Panasonic-TV (AMD High Definition Audio Device)' : 2 channels at 48 kHz using 16 bits per sample (channel mask 0x3)
[2016.10.25-03.57.33:595][229]LogInit: FAudioDevice initialized.
[2016.10.25-03.57.33:627][229]LogWorld: Game class is 'ThirdPersonGameMode_C'
[2016.10.25-03.57.33:654][229]LogWorld: Bringing World /Game/UEDPIE_0_CyberPunk.CyberPunk up for play (max tick rate 0) at 2016.10.25-04.57.33
[2016.10.25-03.57.33:654][229]LogWorld: Bringing up level for play took: 0.025842
[2016.10.25-03.57.33:655][229]LogGameMode:Display: Match State Changed from EnteringMap to WaitingToStart
[2016.10.25-03.57.33:655][229]LogGameState: Match State Changed from EnteringMap to WaitingToStart
[2016.10.25-03.57.33:655][229]LogGameMode:Display: Match State Changed from WaitingToStart to InProgress
[2016.10.25-03.57.33:656][229]LogGameState: Match State Changed from WaitingToStart to InProgress
[2016.10.25-03.57.33:656][229]PIE: Info Play in editor start time for /Game/UEDPIE_0_CyberPunk 0.115
[2016.10.25-03.58.38:935][434]LogPlayLevel: PlayLevel: No blueprints needed recompiling
[2016.10.25-03.58.38:935][434]PIE: New page: PIE session: CyberPunk (Oct 25, 2016, 4:58:38 AM)
[2016.10.25-03.58.38:935][434]LogPlayLevel: Creating play world package: /Game/UEDPIE_0_CyberPunk
[2016.10.25-03.58.39:017][434]LogPlayLevel: PIE: StaticDuplicateObject took: (0.081349s)
[2016.10.25-03.58.39:018][434]LogAIModule: Creating AISystem for world CyberPunk
[2016.10.25-03.58.39:018][434]LogPlayLevel: PIE: World Init took: (0.001088s)
[2016.10.25-03.58.39:018][434]LogPlayLevel: PIE: Created PIE world by copying editor world from /Game/CyberPunk.CyberPunk to /Game/UEDPIE_0_CyberPunk.CyberPunk (0.082840s)
[2016.10.25-03.58.39:087][434]LogInit: XAudio2 using '1 - Panasonic-TV (AMD High Definition Audio Device)' : 2 channels at 48 kHz using 16 bits per sample (channel mask 0x3)
[2016.10.25-03.58.39:096][434]LogInit: FAudioDevice initialized.
[2016.10.25-03.58.39:128][434]LogWorld: Game class is 'ThirdPersonGameMode_C'
[2016.10.25-03.58.39:154][434]LogWorld: Bringing World /Game/UEDPIE_0_CyberPunk.CyberPunk up for play (max tick rate 0) at 2016.10.25-04.58.39
[2016.10.25-03.58.39:155][434]LogWorld: Bringing up level for play took: 0.025093
[2016.10.25-03.58.39:156][434]LogGameMode:Display: Match State Changed from EnteringMap to WaitingToStart
[2016.10.25-03.58.39:156][434]LogGameState: Match State Changed from EnteringMap to WaitingToStart
[2016.10.25-03.58.39:156][434]LogGameMode:Display: Match State Changed from WaitingToStart to InProgress
[2016.10.25-03.58.39:157][434]LogGameState: Match State Changed from WaitingToStart to InProgress
[2016.10.25-03.58.39:157][434]PIE: Info Play in editor start time for /Game/UEDPIE_0_CyberPunk -0.384
[2016.10.25-03.58.52:667][681]Cmd: OBJ SAVEPACKAGE PACKAGE="/Game/CyberPunk" FILE="../../../../../../Users/Gaming/Desktop/UE4 Projects/Cyberspook/Content/CyberPunk.umap" SILENT=true AUTOSAVING=false KEEPDIRTY=false
[2016.10.25-03.58.53:520][681]LogSavePackage: Save=806.01ms
[2016.10.25-03.58.53:520][681]LogSavePackage: Moving '../../../../../../Users/Gaming/Desktop/UE4 Projects/Cyberspook/Saved/CyberPunk1DAF91454D079B674F3D6E9E1F15F1AE.tmp' to '../../../../../../Users/Gaming/Desktop/UE4 Projects/Cyberspook/Content/CyberPunk.umap'
[2016.10.25-03.58.53:527][681]LogSavePackage:Display: Finished SavePackage ../../../../../../Users/Gaming/Desktop/UE4 Projects/Cyberspook/Content/CyberPunk.umap
[2016.10.25-03.58.53:589][681]LogFileHelpers: Saving map 'CyberPunk' took 1.002
[2016.10.25-03.58.53:609][681]LogSavePackage: Save=7.14ms
[2016.10.25-03.58.53:609][681]LogSavePackage: Moving '../../../../../../Users/Gaming/Desktop/UE4 Projects/Cyberspook/Saved/HeadBobbingA7C724E84E0B111678E12282C10033BB.tmp' to '../../../../../../Users/Gaming/Desktop/UE4 Projects/Cyberspook/Content/ThirdPersonBP/Blueprints/HeadBobbing.uasset'
[2016.10.25-03.58.53:613][681]LogSavePackage:Display: Finished SavePackage ../../../../../../Users/Gaming/Desktop/UE4 Projects/Cyberspook/Content/ThirdPersonBP/Blueprints/HeadBobbing.uasset
[2016.10.25-03.58.53:846][681]LogSavePackage: Save=189.22ms
[2016.10.25-03.58.53:846][681]LogSavePackage: Moving '../../../../../../Users/Gaming/Desktop/UE4 Projects/Cyberspook/Saved/ThirdPersonCharacter677AD71840DC81AEA30B538B7C4EDE12.tmp' to '../../../../../../Users/Gaming/Desktop/UE4 Projects/Cyberspook/Content/ThirdPersonBP/Blueprints/ThirdPersonCharacter.uasset'
[2016.10.25-03.58.53:849][681]LogSavePackage:Display: Finished SavePackage ../../../../../../Users/Gaming/Desktop/UE4 Projects/Cyberspook/Content/ThirdPersonBP/Blueprints/ThirdPersonCharacter.uasset
[2016.10.25-03.58.54:092][681]LogWindowsTextInputMethodSystem:Display: IME system now deactivated.
[2016.10.25-03.58.54:353][682]Cmd: QUIT_EDITOR
[2016.10.25-03.58.55:394][682]LogExit: Preparing to exit.
[2016.10.25-03.58.55:961][682]LogDirectoryWatcher: A directory notification for 'C:/Users/Gaming/Desktop/UE4 Projects/Cyberspook/Content/' was aborted.
[2016.10.25-03.58.56:091][682]LogExit: Editor shut down
[2016.10.25-03.58.56:092][682]LogExit: Transaction tracking system shut down
[2016.10.25-03.58.56:361][682]LogObj: Freed 0b from 0 cluster array pools.
[2016.10.25-03.58.56:362][682]LogExit: Object subsystem successfully closed.
[2016.10.25-03.58.56:385][682]LogD3D11RHI: Shutdown
[2016.10.25-03.58.56:385][682]LogD3D11RHI: CleanupD3DDevice
[2016.10.25-03.58.56:601][682]LogD3D11RHI: ~FD3D11DynamicRHI
[2016.10.25-03.58.56:621][682]LogModuleManager: Shutting down and abandoning module MovieSceneCapture (236)
[2016.10.25-03.58.56:622][682]LogModuleManager: Shutting down and abandoning module BlueprintGraph (235)
[2016.10.25-03.58.56:622][682]LogModuleManager: Shutting down and abandoning module BlueprintProfiler (234)
[2016.10.25-03.58.56:622][682]LogModuleManager: Shutting down and abandoning module HierarchicalLODOutliner (233)
[2016.10.25-03.58.56:622][682]LogModuleManager: Shutting down and abandoning module CrashTracker (232)
[2016.10.25-03.58.56:622][682]LogModuleManager: Shutting down and abandoning module SceneOutliner (231)
[2016.10.25-03.58.56:622][682]LogModuleManager: Shutting down and abandoning module WidgetCarousel (230)
[2016.10.25-03.58.56:622][682]LogModuleManager: Shutting down and abandoning module AddContentDialog (229)
[2016.10.25-03.58.56:622][682]LogDirectoryWatcher: A directory notification for 'C:/Program Files/Epic Games/4.13/FeaturePacks/' was aborted.
[2016.10.25-03.58.56:631][682]LogModuleManager: Shutting down and abandoning module GameplayTags (228)
[2016.10.25-03.58.56:631][682]LogModuleManager: Shutting down and abandoning module EditorWidgets (227)
[2016.10.25-03.58.56:631][682]LogModuleManager: Shutting down and abandoning module CollectionManager (226)
[2016.10.25-03.58.56:631][682]LogDirectoryWatcher: A directory notification for 'C:/Users/Gaming/Desktop/UE4 Projects/Cyberspook/Content/Collections/' was aborted.
[2016.10.25-03.58.56:631][682]LogDirectoryWatcher: A directory notification for 'C:/Users/Gaming/Desktop/UE4 Projects/Cyberspook/Content/Developers/Gaming/Collections/' was aborted.
[2016.10.25-03.58.56:631][682]LogDirectoryWatcher: A directory notification for 'C:/Users/Gaming/Desktop/UE4 Projects/Cyberspook/Saved/Collections/' was aborted.
[2016.10.25-03.58.56:631][682]LogModuleManager: Shutting down and abandoning module StatsViewer (225)
[2016.10.25-03.58.56:631][682]LogModuleManager: Shutting down and abandoning module FoliageEdit (224)
[2016.10.25-03.58.56:631][682]LogModuleManager: Shutting down and abandoning module LandscapeEditor (223)
[2016.10.25-03.58.56:631][682]LogModuleManager: Shutting down and abandoning module SceneDepthPickerMode (222)
[2016.10.25-03.58.56:631][682]LogModuleManager: Shutting down and abandoning module ActorPickerMode (221)
[2016.10.25-03.58.56:631][682]LogModuleManager: Shutting down and abandoning module GeometryMode (220)
[2016.10.25-03.58.56:631][682]LogModuleManager: Shutting down and abandoning module TextureAlignMode (219)
[2016.10.25-03.58.56:631][682]LogModuleManager: Shutting down and abandoning module BspMode (218)
[2016.10.25-03.58.56:631][682]LogModuleManager: Shutting down and abandoning module HardwareSurvey (217)
[2016.10.25-03.58.56:631][682]LogModuleManager: Shutting down and abandoning module SequenceRecorderSections (216)
[2016.10.25-03.58.56:631][682]LogModuleManager: Shutting down and abandoning module SequenceRecorder (215)
[2016.10.25-03.58.56:631][682]LogModuleManager: Shutting down and abandoning module AutomationWorker (214)
[2016.10.25-03.58.56:631][682]LogModuleManager: Shutting down and abandoning module MatineeToLevelSequence (213)
[2016.10.25-03.58.56:632][682]LogModuleManager: Shutting down and abandoning module PlacementMode (212)
[2016.10.25-03.58.56:632][682]LogModuleManager: Shutting down and abandoning module LevelSequenceEditor (211)
[2016.10.25-03.58.56:632][682]LogModuleManager: Shutting down and abandoning module WmfMediaFactory (210)
[2016.10.25-03.58.56:632][682]LogModuleManager: Shutting down and abandoning module WmfMediaEditor (209)
[2016.10.25-03.58.56:632][682]LogModuleManager: Shutting down and abandoning module AvfMediaFactory (208)
[2016.10.25-03.58.56:632][682]LogModuleManager: Shutting down and abandoning module AvfMediaEditor (207)
[2016.10.25-03.58.56:632][682]LogModuleManager: Shutting down and abandoning module Media (206)
[2016.10.25-03.58.56:632][682]LogModuleManager: Shutting down and abandoning module AndroidMediaFactory (205)
[2016.10.25-03.58.56:632][682]LogModuleManager: Shutting down and abandoning module AndroidMediaEditor (204)
[2016.10.25-03.58.56:632][682]LogModuleManager: Shutting down and abandoning module CharacterAI (203)
[2016.10.25-03.58.56:632][682]LogModuleManager: Shutting down and abandoning module SmartSnapping (202)
[2016.10.25-03.58.56:632][682]LogModuleManager: Shutting down and abandoning module SessionServices (201)
[2016.10.25-03.58.56:632][682]LogModuleManager: Shutting down and abandoning module ViewportSnapping (200)
[2016.10.25-03.58.56:632][682]LogModuleManager: Shutting down and abandoning module ViewportInteraction (199)
[2016.10.25-03.58.56:632][682]LogModuleManager: Shutting down and abandoning module LogVisualizer (198)
[2016.10.25-03.58.56:632][682]LogModuleManager: Shutting down and abandoning module GameProjectGeneration (197)
[2016.10.25-03.58.56:632][682]LogModuleManager: Shutting down and abandoning module IntroTutorials (196)
[2016.10.25-03.58.56:632][682]LogModuleManager: Shutting down and abandoning module EditorLiveStreaming (195)
[2016.10.25-03.58.56:632][682]LogModuleManager: Shutting down and abandoning module IOSPlatformEditor (194)
[2016.10.25-03.58.56:632][682]LogModuleManager: Shutting down and abandoning module HTML5PlatformEditor (193)
[2016.10.25-03.58.56:632][682]LogModuleManager: Shutting down and abandoning module AndroidDeviceDetection (192)
[2016.10.25-03.58.57:314][682]LogModuleManager: Shutting down and abandoning module AndroidPlatformEditor (191)
[2016.10.25-03.58.57:314][682]LogModuleManager: Shutting down and abandoning module IOSRuntimeSettings (190)
[2016.10.25-03.58.57:314][682]LogModuleManager: Shutting down and abandoning module AndroidRuntimeSettings (189)
[2016.10.25-03.58.57:314][682]LogModuleManager: Shutting down and abandoning module NiagaraEditor (188)
[2016.10.25-03.58.57:314][682]LogModuleManager: Shutting down and abandoning module MergeActors (187)
[2016.10.25-03.58.57:314][682]LogModuleManager: Shutting down and abandoning module SizeMap (186)
[2016.10.25-03.58.57:314][682]LogModuleManager: Shutting down and abandoning module TreeMap (185)
[2016.10.25-03.58.57:314][682]LogModuleManager: Shutting down and abandoning module ReferenceViewer (184)
[2016.10.25-03.58.57:315][682]LogModuleManager: Shutting down and abandoning module LocalizationService (183)
[2016.10.25-03.58.57:315][682]LogModuleManager: Shutting down and abandoning module LocalizationDashboard (182)
[2016.10.25-03.58.57:315][682]LogModuleManager: Shutting down and abandoning module HardwareTargeting (181)
[2016.10.25-03.58.57:315][682]LogModuleManager: Shutting down and abandoning module DeviceProfileEditor (180)
[2016.10.25-03.58.57:315][682]LogModuleManager: Shutting down and abandoning module UndoHistory (179)
[2016.10.25-03.58.57:315][682]LogModuleManager: Shutting down and abandoning module UserFeedback (178)
[2016.10.25-03.58.57:315][682]LogModuleManager: Shutting down and abandoning module XmlParser (177)
[2016.10.25-03.58.57:315][682]LogModuleManager: Shutting down and abandoning module Blutility (176)
[2016.10.25-03.58.57:315][682]LogModuleManager: Shutting down and abandoning module ProjectTargetPlatformEditor (175)
[2016.10.25-03.58.57:315][682]LogModuleManager: Shutting down and abandoning module ProjectSettingsViewer (174)
[2016.10.25-03.58.57:315][682]LogModuleManager: Shutting down and abandoning module InputBindingEditor (173)
[2016.10.25-03.58.57:316][682]LogModuleManager: Shutting down and abandoning module EditorSettingsViewer (172)
[2016.10.25-03.58.57:316][682]LogModuleManager: Shutting down and abandoning module SettingsEditor (171)
[2016.10.25-03.58.57:316][682]LogModuleManager: Shutting down and abandoning module ProjectLauncher (170)
[2016.10.25-03.58.57:316][682]LogModuleManager: Shutting down and abandoning module SessionFrontend (169)
[2016.10.25-03.58.57:316][682]LogModuleManager: Shutting down and abandoning module ProfilerClient (168)
[2016.10.25-03.58.57:316][682]LogModuleManager: Shutting down and abandoning module TargetDeviceServices (167)
[2016.10.25-03.58.57:316][682]LogModuleManager: Shutting down and abandoning module DeviceManager (166)
[2016.10.25-03.58.57:360][682]LogModuleManager: Shutting down and abandoning module AutomationController (165)
[2016.10.25-03.58.57:360][682]LogModuleManager: Shutting down and abandoning module AutomationWindow (164)
[2016.10.25-03.58.57:360][682]LogModuleManager: Shutting down and abandoning module Layers (163)
[2016.10.25-03.58.57:360][682]LogModuleManager: Shutting down and abandoning module ComponentVisualizers (162)
[2016.10.25-03.58.57:360][682]LogModuleManager: Shutting down and abandoning module DetailCustomizations (161)
[2016.10.25-03.58.57:360][682]LogModuleManager: Shutting down and abandoning module PackagesDialog (160)
[2016.10.25-03.58.57:360][682]LogModuleManager: Shutting down and abandoning module AnimGraph (159)
[2016.10.25-03.58.57:360][682]LogModuleManager: Shutting down and abandoning module Persona (158)
[2016.10.25-03.58.57:360][682]LogModuleManager: Shutting down and abandoning module Kismet (157)
[2016.10.25-03.58.57:370][682]LogModuleManager: Shutting down and abandoning module GraphEditor (156)
[2016.10.25-03.58.57:370][682]LogModuleManager: Shutting down and abandoning module ClassViewer (155)
[2016.10.25-03.58.57:370][682]LogModuleManager: Shutting down and abandoning module Toolbox (154)
[2016.10.25-03.58.57:370][682]LogModuleManager: Shutting down and abandoning module ModuleUI (153)
[2016.10.25-03.58.57:370][682]LogModuleManager: Shutting down and abandoning module MovieSceneTools (152)
[2016.10.25-03.58.57:370][682]LogModuleManager: Shutting down and abandoning module OutputLog (151)
[2016.10.25-03.58.57:370][682]LogModuleManager: Shutting down and abandoning module GammaUI (150)
[2016.10.25-03.58.57:370][682]LogModuleManager: Shutting down and abandoning module Documentation (149)
[2016.10.25-03.58.57:370][682]LogModuleManager: Shutting down and abandoning module Niagara (148)
[2016.10.25-03.58.57:370][682]LogModuleManager: Shutting down and abandoning module StreamingPauseRendering (147)
[2016.10.25-03.58.57:370][682]LogModuleManager: Shutting down and abandoning module AnalyticsET (146)
[2016.10.25-03.58.57:370][682]LogModuleManager: Shutting down and abandoning module PortalServices (145)
[2016.10.25-03.58.57:370][682]LogModuleManager: Shutting down and abandoning module PortalRpc (144)
[2016.10.25-03.58.57:370][682]LogModuleManager: Shutting down and abandoning module MessagingRpc (143)
[2016.10.25-03.58.57:370][682]LogModuleManager: Shutting down and abandoning module GameplayDebugger (142)
[2016.10.25-03.58.57:370][682]LogModuleManager: Shutting down and abandoning module AITestSuite (141)
[2016.10.25-03.58.57:370][682]LogModuleManager: Shutting down and abandoning module AIModule (140)
[2016.10.25-03.58.57:370][682]LogModuleManager: Shutting down and abandoning module ProfilerService (139)
[2016.10.25-03.58.57:519][682]LogModuleManager: Shutting down and abandoning module TaskGraph (138)
[2016.10.25-03.58.57:519][682]LogModuleManager: Shutting down and abandoning module SlateRemote (137)
[2016.10.25-03.58.57:519][682]LogModuleManager: Shutting down and abandoning module SteamVRController (136)
[2016.10.25-03.58.57:519][682]LogModuleManager: Shutting down and abandoning module SteamVR (135)
[2016.10.25-03.58.57:519][682]LogModuleManager: Shutting down and abandoning module ProceduralMeshComponentEditor (134)
[2016.10.25-03.58.57:519][682]LogModuleManager: Shutting down and abandoning module ProceduralMeshComponent (133)
[2016.10.25-03.58.57:519][682]LogModuleManager: Shutting down and abandoning module OculusLibrary (132)
[2016.10.25-03.58.57:519][682]LogModuleManager: Shutting down and abandoning module OculusInput (131)
[2016.10.25-03.58.57:519][682]LogModuleManager: Shutting down and abandoning module CustomMeshComponent (130)
[2016.10.25-03.58.57:519][682]LogModuleManager: Shutting down and abandoning module CableComponent (129)
[2016.10.25-03.58.57:519][682]LogModuleManager: Shutting down and abandoning module ArchVisCharacter (128)
[2016.10.25-03.58.57:519][682]LogModuleManager: Shutting down and abandoning module MediaPlayerEditor (126)
[2016.10.25-03.58.57:520][682]LogModuleManager: Shutting down and abandoning module HTML5Networking (125)
[2016.10.25-03.58.57:520][682]LogModuleManager: Shutting down and abandoning module GeometryCacheEd (124)
[2016.10.25-03.58.57:520][682]LogModuleManager: Shutting down and abandoning module GeometryCache (123)
[2016.10.25-03.58.57:520][682]LogModuleManager: Shutting down and abandoning module AlembicLibrary (122)
[2016.10.25-03.58.57:520][682]LogModuleManager: Shutting down and abandoning module AlembicImporter (121)
[2016.10.25-03.58.57:520][682]LogModuleManager: Shutting down and abandoning module SuperSearch (120)
[2016.10.25-03.58.57:520][682]LogModuleManager: Shutting down and abandoning module SuperSearchEditor (119)
[2016.10.25-03.58.57:520][682]LogModuleManager: Shutting down and abandoning module SpeedTreeImporter (118)
[2016.10.25-03.58.57:520][682]LogModuleManager: Shutting down and abandoning module PluginBrowser (117)
[2016.10.25-03.58.57:520][682]LogModuleManager: Shutting down and abandoning module MobileLauncherProfileWizard (116)
[2016.10.25-03.58.57:520][682]LogModuleManager: Shutting down and abandoning module EpicSurvey (115)
[2016.10.25-03.58.57:520][682]LogModuleManager: Shutting down and abandoning module DesktopPlatform (114)
[2016.10.25-03.58.57:520][682]LogModuleManager: Shutting down and abandoning module VisualStudioSourceCodeAccess (113)
[2016.10.25-03.58.57:520][682]LogModuleManager: Shutting down and abandoning module UObjectPlugin (112)
[2016.10.25-03.58.57:520][682]LogModuleManager: Shutting down and abandoning module SubversionSourceControl (111)
[2016.10.25-03.58.57:520][682]LogModuleManager: Shutting down and abandoning module PerforceSourceControl (110)
[2016.10.25-03.58.57:520][682]LogModuleManager: Shutting down and abandoning module SourceControl (109)
[2016.10.25-03.58.57:520][682]LogModuleManager: Shutting down and abandoning module GitSourceControl (108)
[2016.10.25-03.58.57:520][682]LogModuleManager: Shutting down and abandoning module LightPropagationVolumeEditor (107)
[2016.10.25-03.58.57:520][682]LogModuleManager: Shutting down and abandoning module PaperTiledImporter (106)
[2016.10.25-03.58.57:520][682]LogModuleManager: Shutting down and abandoning module PaperSpriteSheetImporter (105)
[2016.10.25-03.58.57:520][682]LogModuleManager: Shutting down and abandoning module MeshPaint (104)
[2016.10.25-03.58.57:520][682]LogModuleManager: Shutting down and abandoning module FbxAutomationBuilderModule (103)
[2016.10.25-03.58.57:520][682]LogModuleManager: Shutting down and abandoning module PixelInspectorModule (102)
[2016.10.25-03.58.57:520][682]LogModuleManager: Shutting down and abandoning module HotReload (101)
[2016.10.25-03.58.57:521][682]LogModuleManager: Shutting down and abandoning module MainFrame (100)
[2016.10.25-03.58.57:521][682]LogModuleManager: Shutting down and abandoning module LevelEditor (99)
[2016.10.25-03.58.57:523][682]LogModuleManager: Shutting down and abandoning module ContentBrowser (98)
[2016.10.25-03.58.57:527][682]LogModuleManager: Shutting down and abandoning module Paper2DEditor (97)
[2016.10.25-03.58.57:527][682]LogModuleManager: Shutting down and abandoning module UdpMessaging (96)
[2016.10.25-03.58.57:628][682]LogModuleManager: Shutting down and abandoning module TcpMessaging (95)
[2016.10.25-03.58.57:729][682]LogModuleManager: Shutting down and abandoning module LightPropagationVolumeRuntime (94)
[2016.10.25-03.58.57:729][682]LogModuleManager: Shutting down and abandoning module Paper2D (93)
[2016.10.25-03.58.57:729][682]LogModuleManager: Shutting down and abandoning module WindowsMoviePlayer (92)
[2016.10.25-03.58.57:729][682]LogModuleManager: Shutting down and abandoning module WmfMedia (91)
[2016.10.25-03.58.57:730][682]LogModuleManager: Shutting down and abandoning module MediaAssets (90)
[2016.10.25-03.58.57:730][682]LogModuleManager: Shutting down and abandoning module GameLiveStreaming (89)
[2016.10.25-03.58.57:730][682]LogModuleManager: Shutting down and abandoning module GameplayTagsEditor (88)
[2016.10.25-03.58.57:730][682]LogModuleManager: Shutting down and abandoning module VREditor (87)
[2016.10.25-03.58.57:730][682]LogModuleManager: Shutting down and abandoning module GameplayTasksEditor (86)
[2016.10.25-03.58.57:730][682]LogModuleManager: Shutting down and abandoning module PropertyEditor (85)
[2016.10.25-03.58.57:731][682]LogModuleManager: Shutting down and abandoning module BehaviorTreeEditor (84)
[2016.10.25-03.58.57:731][682]LogModuleManager: Shutting down and abandoning module FunctionalTesting (83)
[2016.10.25-03.58.57:731][682]LogModuleManager: Shutting down and abandoning module CollisionAnalyzer (82)
[2016.10.25-03.58.57:731][682]LogModuleManager: Shutting down and abandoning module Sequencer (81)
[2016.10.25-03.58.57:731][682]LogModuleManager: Shutting down and abandoning module WorkspaceMenuStructure (80)
[2016.10.25-03.58.57:731][682]LogModuleManager: Shutting down and abandoning module MessageLog (79)
[2016.10.25-03.58.57:731][682]LogModuleManager: Shutting down and abandoning module AssetTools (78)
[2016.10.25-03.58.57:731][682]LogModuleManager: Shutting down and abandoning module UMGEditor (77)
[2016.10.25-03.58.57:731][682]LogModuleManager: Shutting down and abandoning module UMG (76)
[2016.10.25-03.58.57:732][682]LogModuleManager: Shutting down and abandoning module SlateReflector (75)
[2016.10.25-03.58.57:732][682]LogModuleManager: Shutting down and abandoning module Slate (74)
[2016.10.25-03.58.57:732][682]LogModuleManager: Shutting down and abandoning module EditorStyle (73)
[2016.10.25-03.58.57:741][682]LogModuleManager: Shutting down and abandoning module SourceCodeAccess (72)
[2016.10.25-03.58.57:741][682]LogModuleManager: Shutting down and abandoning module HeadMountedDisplay (71)
[2016.10.25-03.58.57:741][682]LogModuleManager: Shutting down and abandoning module XAudio2 (70)
[2016.10.25-03.58.57:741][682]LogModuleManager: Shutting down and abandoning module Networking (68)
[2016.10.25-03.58.57:742][682]LogModuleManager: Shutting down and abandoning module Core (67)
[2016.10.25-03.58.57:742][682]LogModuleManager: Shutting down and abandoning module DirectoryWatcher (66)
[2016.10.25-03.58.57:742][682]LogDirectoryWatcher: A directory notification for '../../../Engine/Content/' was aborted.
[2016.10.25-03.58.57:743][682]LogDirectoryWatcher: A directory notification for '../../../../../../Users/Gaming/Desktop/UE4 Projects/Cyberspook/Content/' was aborted.
[2016.10.25-03.58.57:744][682]LogDirectoryWatcher: A directory notification for '../../../Engine/Plugins/2D/Paper2D/Content/' was aborted.
[2016.10.25-03.58.57:750][682]LogModuleManager: Shutting down and abandoning module AssetRegistry (65)
[2016.10.25-03.58.57:925][682]LogModuleManager: Shutting down and abandoning module KismetCompiler (64)
[2016.10.25-03.58.57:925][682]LogModuleManager: Shutting down and abandoning module PhysXFormats (63)
[2016.10.25-03.58.57:925][682]LogModuleManager: Shutting down and abandoning module MeshUtilities (62)
[2016.10.25-03.58.57:925][682]LogModuleManager: Shutting down and abandoning module DerivedDataCache (61)
[2016.10.25-03.58.58:009][682]LogDerivedDataCache: Shutdown
[2016.10.25-03.58.58:009][682]LogModuleManager: Shutting down and abandoning module VulkanShaderFormat (60)
[2016.10.25-03.58.58:009][682]LogModuleManager: Shutting down and abandoning module ShaderFormatOpenGL (59)
[2016.10.25-03.58.58:009][682]LogModuleManager: Shutting down and abandoning module ShaderFormatD3D (58)
[2016.10.25-03.58.58:009][682]LogModuleManager: Shutting down and abandoning module MetalShaderFormat (57)
[2016.10.25-03.58.58:009][682]LogModuleManager: Shutting down and abandoning module TextureFormatUncompressed (56)
[2016.10.25-03.58.58:009][682]LogModuleManager: Shutting down and abandoning module TextureFormatPVR (55)
[2016.10.25-03.58.58:009][682]LogModuleManager: Shutting down and abandoning module TextureFormatDXT (54)
[2016.10.25-03.58.58:010][682]LogModuleManager: Shutting down and abandoning module TextureFormatIntelISPCTexComp (53)
[2016.10.25-03.58.58:010][682]LogModuleManager: Shutting down and abandoning module ImageWrapper (52)
[2016.10.25-03.58.58:010][682]LogModuleManager: Shutting down and abandoning module TextureFormatASTC (51)
[2016.10.25-03.58.58:010][682]LogModuleManager: Shutting down and abandoning module TextureFormatAndroid (50)
[2016.10.25-03.58.58:010][682]LogModuleManager: Shutting down and abandoning module AudioFormatOpus (49)
[2016.10.25-03.58.58:010][682]LogModuleManager: Shutting down and abandoning module AudioFormatOgg (48)
[2016.10.25-03.58.58:010][682]LogModuleManager: Shutting down and abandoning module AudioFormatADPCM (47)
[2016.10.25-03.58.58:010][682]LogModuleManager: Shutting down and abandoning module LinuxTargetPlatform (46)
[2016.10.25-03.58.58:010][682]LogModuleManager: Shutting down and abandoning module LinuxServerTargetPlatform (45)
[2016.10.25-03.58.58:010][682]LogModuleManager: Shutting down and abandoning module LinuxNoEditorTargetPlatform (44)
[2016.10.25-03.58.58:010][682]LogModuleManager: Shutting down and abandoning module LinuxClientTargetPlatform (43)
[2016.10.25-03.58.58:010][682]LogModuleManager: Shutting down and abandoning module TVOSTargetPlatform (42)
[2016.10.25-03.58.58:010][682]LogModuleManager: Shutting down and abandoning module Messaging (41)
[2016.10.25-03.58.58:010][682]LogModuleManager: Shutting down and abandoning module IOSTargetPlatform (40)
[2016.10.25-03.58.58:010][682]LogModuleManager: Shutting down and abandoning module HTML5TargetPlatform (39)
[2016.10.25-03.58.58:010][682]LogModuleManager: Shutting down and abandoning module Android_PVRTCTargetPlatform (38)
[2016.10.25-03.58.58:010][682]LogModuleManager: Shutting down and abandoning module Android_MultiTargetPlatform (37)
[2016.10.25-03.58.58:010][682]LogModuleManager: Shutting down and abandoning module Android_ETC2TargetPlatform (36)
[2016.10.25-03.58.58:010][682]LogModuleManager: Shutting down and abandoning module Android_ETC1TargetPlatform (35)
[2016.10.25-03.58.58:010][682]LogModuleManager: Shutting down and abandoning module Android_DXTTargetPlatform (34)
[2016.10.25-03.58.58:010][682]LogModuleManager: Shutting down and abandoning module Android_ATCTargetPlatform (33)
[2016.10.25-03.58.58:010][682]LogModuleManager: Shutting down and abandoning module Android_ASTCTargetPlatform (32)
[2016.10.25-03.58.58:010][682]LogModuleManager: Shutting down and abandoning module AndroidTargetPlatform (31)
[2016.10.25-03.58.58:010][682]LogModuleManager: Shutting down and abandoning module WindowsTargetPlatform (30)
[2016.10.25-03.58.58:010][682]LogModuleManager: Shutting down and abandoning module WindowsServerTargetPlatform (29)
[2016.10.25-03.58.58:010][682]LogModuleManager: Shutting down and abandoning module WindowsNoEditorTargetPlatform (28)
[2016.10.25-03.58.58:010][682]LogModuleManager: Shutting down and abandoning module WindowsClientTargetPlatform (27)
[2016.10.25-03.58.58:011][682]LogModuleManager: Shutting down and abandoning module AllDesktopTargetPlatform (26)
[2016.10.25-03.58.58:011][682]LogModuleManager: Shutting down and abandoning module TargetPlatform (25)
[2016.10.25-03.58.58:011][682]LogModuleManager: Shutting down and abandoning module InputCore (24)
[2016.10.25-03.58.58:011][682]LogModuleManager: Shutting down and abandoning module Settings (23)
[2016.10.25-03.58.58:011][682]LogModuleManager: Shutting down and abandoning module OculusRift (22)
[2016.10.25-03.58.58:011][682]LogModuleManager: Shutting down and abandoning module GearVR (21)
[2016.10.25-03.58.58:011][682]LogModuleManager: Shutting down and abandoning module ExampleDeviceProfileSelector (20)
[2016.10.25-03.58.58:011][682]LogModuleManager: Shutting down and abandoning module OnlineBlueprintSupport (19)
[2016.10.25-03.58.58:011][682]LogModuleManager: Shutting down and abandoning module OnlineSubsystem (17)
[2016.10.25-03.58.58:011][682]LogOnline:Display: Unloading online subsystem: NULL
[2016.10.25-03.58.58:011][682]LogModuleManager: Shutting down and abandoning module HTTP (16)
[2016.10.25-03.58.58:011][682]LogHttp:Display: Http module shutting down, but needs to wait on 1 outstanding Http requests:
[2016.10.25-03.58.58:011][682]LogHttp:Display: 	verb=[POST] url=[https://datarouter.ol.epicgames.com/datarouter/api/v1/public/data?SessionID=%7B22FC9E67-405F-E658-DBDB-7F9A4B14DDAA%7D&AppID=UEEditor.Rocket.Release&AppVersion=4.13.1-3142249%2B%2B%2BUE4%2BRelease-4.13&UserID=515b723346c4b66a9f8d2fb34bafbb29%7Cfda48399ef964e7e8078497f88239aa7%7C0a6170cd-cf4c-405e-9972-69eb664ef4ae&AppEnvironment=datacollector-binary&UploadType=eteventstream] status=Processing
[2016.10.25-03.58.58:038][682]LogModuleManager: Shutting down and abandoning module XMPP (15)
[2016.10.25-03.58.58:038][682]LogModuleManager: Shutting down and abandoning module TextureCompressor (14)
[2016.10.25-03.58.58:038][682]LogModuleManager: Shutting down and abandoning module ShaderCore (13)
[2016.10.25-03.58.58:038][682]LogModuleManager: Shutting down and abandoning module Landscape (12)
[2016.10.25-03.58.58:038][682]LogModuleManager: Shutting down and abandoning module SlateRHIRenderer (11)
[2016.10.25-03.58.58:045][682]LogModuleManager: Shutting down and abandoning module OpenGLDrv (10)
[2016.10.25-03.58.58:045][682]LogModuleManager: Shutting down and abandoning module D3D11RHI (9)
[2016.10.25-03.58.58:045][682]LogModuleManager: Shutting down and abandoning module AnimGraphRuntime (8)
[2016.10.25-03.58.58:045][682]LogModuleManager: Shutting down and abandoning module Renderer (7)
[2016.10.25-03.58.58:045][682]LogModuleManager: Shutting down and abandoning module Engine (6)
[2016.10.25-03.58.58:045][682]LogModuleManager: Shutting down and abandoning module CoreUObject (5)
[2016.10.25-03.58.58:045][682]LogModuleManager: Shutting down and abandoning module NetworkFile (4)
[2016.10.25-03.58.58:045][682]LogModuleManager: Shutting down and abandoning module StreamingFile (3)
[2016.10.25-03.58.58:045][682]LogModuleManager: Shutting down and abandoning module SandboxFile (2)
[2016.10.25-03.58.58:045][682]LogModuleManager: Shutting down and abandoning module PakFile (1)
[2016.10.25-03.58.58:049][682]LogExit: Exiting.
[2016.10.25-03.58.58:060][682]Log file closed, 10/25/16 04:58:58
