Log file open, 10/30/16 22:42:00
LogInit:Display: Running engine for game: Cyberpunk
LogPlatformFile: Not using cached read wrapper
LogInit:Display: RandInit(-1194252171) SRandInit(-1194252171).
LogTaskGraph: Started task graph with 5 named threads and 8 total threads with 1 sets of task threads.
LogStats: Stats thread started at 0.098721
LogPluginManager: Loaded Plugin Paper2D, From C:/Program Files/Epic Games/4.13/Engine/Plugins/2D/Paper2D/Paper2D.uplugin
LogPluginManager: Loaded Plugin LightPropagationVolume, From C:/Program Files/Epic Games/4.13/Engine/Plugins/Blendables/LightPropagationVolume/LightPropagationVolume.uplugin
LogPluginManager: Loaded Plugin BlankPlugin, From C:/Program Files/Epic Games/4.13/Engine/Plugins/Developer/BlankPlugin/BlankPlugin.uplugin
LogPluginManager: Loaded Plugin CodeLiteSourceCodeAccess, From C:/Program Files/Epic Games/4.13/Engine/Plugins/Developer/CodeLiteSourceCodeAccess/CodeLiteSourceCodeAccess.uplugin
LogPluginManager: Loaded Plugin GitSourceControl, From C:/Program Files/Epic Games/4.13/Engine/Plugins/Developer/GitSourceControl/GitSourceControl.uplugin
LogPluginManager: Loaded Plugin KDevelopSourceCodeAccess, From C:/Program Files/Epic Games/4.13/Engine/Plugins/Developer/KDevelopSourceCodeAccess/KDevelopSourceCodeAccess.uplugin
LogPluginManager: Loaded Plugin NullSourceCodeAccess, From C:/Program Files/Epic Games/4.13/Engine/Plugins/Developer/NullSourceCodeAccess/NullSourceCodeAccess.uplugin
LogPluginManager: Loaded Plugin OneSkyLocalizationService, From C:/Program Files/Epic Games/4.13/Engine/Plugins/Developer/OneSkyLocalizationService/OneSkyLocalizationService.uplugin
LogPluginManager: Loaded Plugin PerforceSourceControl, From C:/Program Files/Epic Games/4.13/Engine/Plugins/Developer/PerforceSourceControl/PerforceSourceControl.uplugin
LogPluginManager: Loaded Plugin SubversionSourceControl, From C:/Program Files/Epic Games/4.13/Engine/Plugins/Developer/SubversionSourceControl/SubversionSourceControl.uplugin
LogPluginManager: Loaded Plugin UObjectPlugin, From C:/Program Files/Epic Games/4.13/Engine/Plugins/Developer/UObjectPlugin/UObjectPlugin.uplugin
LogPluginManager: Loaded Plugin VisualStudioSourceCodeAccess, From C:/Program Files/Epic Games/4.13/Engine/Plugins/Developer/VisualStudioSourceCodeAccess/VisualStudioSourceCodeAccess.uplugin
LogPluginManager: Loaded Plugin XCodeSourceCodeAccess, From C:/Program Files/Epic Games/4.13/Engine/Plugins/Developer/XCodeSourceCodeAccess/XCodeSourceCodeAccess.uplugin
LogPluginManager: Loaded Plugin EpicSurvey, From C:/Program Files/Epic Games/4.13/Engine/Plugins/Editor/EpicSurvey/EpicSurvey.uplugin
LogPluginManager: Loaded Plugin MacGraphicsSwitching, From C:/Program Files/Epic Games/4.13/Engine/Plugins/Editor/MacGraphicsSwitching/MacGraphicsSwitching.uplugin
LogPluginManager: Loaded Plugin MobileLauncherProfileWizard, From C:/Program Files/Epic Games/4.13/Engine/Plugins/Editor/MobileLauncherProfileWizard/MobileLauncherProfileWizard.uplugin
LogPluginManager: Loaded Plugin PluginBrowser, From C:/Program Files/Epic Games/4.13/Engine/Plugins/Editor/PluginBrowser/PluginBrowser.uplugin
LogPluginManager: Loaded Plugin SpeedTreeImporter, From C:/Program Files/Epic Games/4.13/Engine/Plugins/Editor/SpeedTreeImporter/SpeedTreeImporter.uplugin
LogPluginManager: Loaded Plugin SuperSearchEditor, From C:/Program Files/Epic Games/4.13/Engine/Plugins/Editor/SuperSearchEditor/SuperSearchEditor.uplugin
LogPluginManager: Loaded Plugin AlembicImporter, From C:/Program Files/Epic Games/4.13/Engine/Plugins/Experimental/AlembicImporter/AlembicImporter.uplugin
LogPluginManager: Loaded Plugin BlueprintStats, From C:/Program Files/Epic Games/4.13/Engine/Plugins/Experimental/BlueprintStats/BlueprintStats.uplugin
LogPluginManager: Loaded Plugin CharacterAI, From C:/Program Files/Epic Games/4.13/Engine/Plugins/Experimental/CharacterAI/CharacterAI.uplugin
LogPluginManager: Loaded Plugin CodeEditor, From C:/Program Files/Epic Games/4.13/Engine/Plugins/Experimental/CodeEditor/CodeEditor.uplugin
LogPluginManager: Loaded Plugin CodeView, From C:/Program Files/Epic Games/4.13/Engine/Plugins/Experimental/CodeView/CodeView.uplugin
LogPluginManager: Loaded Plugin HTML5Networking, From C:/Program Files/Epic Games/4.13/Engine/Plugins/Experimental/HTML5Networking/HTML5Networking.uplugin
LogPluginManager: Loaded Plugin LiveEditor, From C:/Program Files/Epic Games/4.13/Engine/Plugins/Experimental/LiveEditor/LiveEditor.uplugin
LogPluginManager: Loaded Plugin OSVR, From C:/Program Files/Epic Games/4.13/Engine/Plugins/Experimental/OSVR/OSVR.uplugin
LogPluginManager: Loaded Plugin Phya, From C:/Program Files/Epic Games/4.13/Engine/Plugins/Experimental/Phya/Phya.uplugin
LogPluginManager: Loaded Plugin SignificanceManager, From C:/Program Files/Epic Games/4.13/Engine/Plugins/Experimental/SignificanceManager/SignificanceManager.uplugin
LogPluginManager: Loaded Plugin SimpleHMD, From C:/Program Files/Epic Games/4.13/Engine/Plugins/Experimental/SimpleHMD/SimpleHMD.uplugin
LogPluginManager: Loaded Plugin StereoPanorama, From C:/Program Files/Epic Games/4.13/Engine/Plugins/Experimental/StereoPanorama/StereoPanorama.uplugin
LogPluginManager: Loaded Plugin StructBox, From C:/Program Files/Epic Games/4.13/Engine/Plugins/Experimental/StructBox/StructBox.uplugin
LogPluginManager: Loaded Plugin AndroidMedia, From C:/Program Files/Epic Games/4.13/Engine/Plugins/Media/AndroidMedia/AndroidMedia.uplugin
LogPluginManager: Loaded Plugin AvfMedia, From C:/Program Files/Epic Games/4.13/Engine/Plugins/Media/AvfMedia/AvfMedia.uplugin
LogPluginManager: Loaded Plugin MediaPlayerEditor, From C:/Program Files/Epic Games/4.13/Engine/Plugins/Media/MediaPlayerEditor/MediaPlayerEditor.uplugin
LogPluginManager: Loaded Plugin WmfMedia, From C:/Program Files/Epic Games/4.13/Engine/Plugins/Media/WmfMedia/WmfMedia.uplugin
LogPluginManager: Loaded Plugin MessagingDebugger, From C:/Program Files/Epic Games/4.13/Engine/Plugins/Messaging/MessagingDebugger/MessagingDebugger.uplugin
LogPluginManager: Loaded Plugin TcpMessaging, From C:/Program Files/Epic Games/4.13/Engine/Plugins/Messaging/TcpMessaging/TcpMessaging.uplugin
LogPluginManager: Loaded Plugin UdpMessaging, From C:/Program Files/Epic Games/4.13/Engine/Plugins/Messaging/UdpMessaging/UdpMessaging.uplugin
LogPluginManager: Loaded Plugin LevelSequenceEditor, From C:/Program Files/Epic Games/4.13/Engine/Plugins/MovieScene/LevelSequenceEditor/LevelSequenceEditor.uplugin
LogPluginManager: Loaded Plugin MatineeToLevelSequence, From C:/Program Files/Epic Games/4.13/Engine/Plugins/MovieScene/MatineeToLevelSequence/MatineeToLevelSequence.uplugin
LogPluginManager: Loaded Plugin NetcodeUnitTest, From C:/Program Files/Epic Games/4.13/Engine/Plugins/NetcodeUnitTest/NetcodeUnitTest/NetcodeUnitTest.uplugin
LogPluginManager: Loaded Plugin NUTUnrealEngine4, From C:/Program Files/Epic Games/4.13/Engine/Plugins/NetcodeUnitTest/NUTUnrealEngine4/NUTUnrealEngine4.uplugin
LogPluginManager: Loaded Plugin OnlineSubsystemGooglePlay, From C:/Program Files/Epic Games/4.13/Engine/Plugins/Online/Android/OnlineSubsystemGooglePlay/OnlineSubsystemGooglePlay.uplugin
LogPluginManager: Loaded Plugin OnlineSubsystemIOS, From C:/Program Files/Epic Games/4.13/Engine/Plugins/Online/IOS/OnlineSubsystemIOS/OnlineSubsystemIOS.uplugin
LogPluginManager: Loaded Plugin OnlineFramework, From C:/Program Files/Epic Games/4.13/Engine/Plugins/Online/OnlineFramework/OnlineFramework.uplugin
LogPluginManager: Loaded Plugin OnlineSubsystem, From C:/Program Files/Epic Games/4.13/Engine/Plugins/Online/OnlineSubsystem/OnlineSubsystem.uplugin
LogPluginManager: Loaded Plugin OnlineSubsystemAmazon, From C:/Program Files/Epic Games/4.13/Engine/Plugins/Online/OnlineSubsystemAmazon/OnlineSubsystemAmazon.uplugin
LogPluginManager: Loaded Plugin OnlineSubsystemFacebook, From C:/Program Files/Epic Games/4.13/Engine/Plugins/Online/OnlineSubsystemFacebook/OnlineSubsystemFacebook.uplugin
LogPluginManager: Loaded Plugin OnlineSubsystemNull, From C:/Program Files/Epic Games/4.13/Engine/Plugins/Online/OnlineSubsystemNull/OnlineSubsystemNull.uplugin
LogPluginManager: Loaded Plugin OnlineSubsystemOculus, From C:/Program Files/Epic Games/4.13/Engine/Plugins/Online/OnlineSubsystemOculus/OnlineSubsystemOculus.uplugin
LogPluginManager: Loaded Plugin OnlineSubsystemSteam, From C:/Program Files/Epic Games/4.13/Engine/Plugins/Online/OnlineSubsystemSteam/OnlineSubsystemSteam.uplugin
LogPluginManager: Loaded Plugin OnlineSubsystemUtils, From C:/Program Files/Epic Games/4.13/Engine/Plugins/Online/OnlineSubsystemUtils/OnlineSubsystemUtils.uplugin
LogPluginManager: Loaded Plugin IOSTapJoy, From C:/Program Files/Epic Games/4.13/Engine/Plugins/Runtime/Advertising/IOSTapJoy/IOSTapJoy.uplugin
LogPluginManager: Loaded Plugin AnalyticsBlueprintLibrary, From C:/Program Files/Epic Games/4.13/Engine/Plugins/Runtime/Analytics/AnalyticsBlueprintLibrary/AnalyticsBlueprintLibrary.uplugin
LogPluginManager: Loaded Plugin AnalyticsMulticast, From C:/Program Files/Epic Games/4.13/Engine/Plugins/Runtime/Analytics/AnalyticsMulticast/AnalyticsMulticast.uplugin
LogPluginManager: Loaded Plugin Apsalar, From C:/Program Files/Epic Games/4.13/Engine/Plugins/Runtime/Analytics/Apsalar/Apsalar.uplugin
LogPluginManager: Loaded Plugin FileLogging, From C:/Program Files/Epic Games/4.13/Engine/Plugins/Runtime/Analytics/FileLogging/FileLogging.uplugin
LogPluginManager: Loaded Plugin Flurry, From C:/Program Files/Epic Games/4.13/Engine/Plugins/Runtime/Analytics/Flurry/Flurry.uplugin
LogPluginManager: Loaded Plugin AndroidDeviceProfileSelector, From C:/Program Files/Epic Games/4.13/Engine/Plugins/Runtime/AndroidDeviceProfileSelector/AndroidDeviceProfileSelector.uplugin
LogPluginManager: Loaded Plugin AndroidMoviePlayer, From C:/Program Files/Epic Games/4.13/Engine/Plugins/Runtime/AndroidMoviePlayer/AndroidMoviePlayer.uplugin
LogPluginManager: Loaded Plugin AppleMoviePlayer, From C:/Program Files/Epic Games/4.13/Engine/Plugins/Runtime/AppleMoviePlayer/AppleMoviePlayer.uplugin
LogPluginManager: Loaded Plugin ArchVisCharacter, From C:/Program Files/Epic Games/4.13/Engine/Plugins/Runtime/ArchVisCharacter/ArchVisCharacter.uplugin
LogPluginManager: Loaded Plugin CableComponent, From C:/Program Files/Epic Games/4.13/Engine/Plugins/Runtime/CableComponent/CableComponent.uplugin
LogPluginManager: Loaded Plugin CustomMeshComponent, From C:/Program Files/Epic Games/4.13/Engine/Plugins/Runtime/CustomMeshComponent/CustomMeshComponent.uplugin
LogPluginManager: Loaded Plugin ExampleDeviceProfileSelector, From C:/Program Files/Epic Games/4.13/Engine/Plugins/Runtime/ExampleDeviceProfileSelector/ExampleDeviceProfileSelector.uplugin
LogPluginManager: Loaded Plugin GearVR, From C:/Program Files/Epic Games/4.13/Engine/Plugins/Runtime/GearVR/GearVR.uplugin
LogPluginManager: Loaded Plugin GoogleVRController, From C:/Program Files/Epic Games/4.13/Engine/Plugins/Runtime/GoogleVR/GoogleVRController/GoogleVRController.uplugin
LogPluginManager: Loaded Plugin GoogleVRHMD, From C:/Program Files/Epic Games/4.13/Engine/Plugins/Runtime/GoogleVR/GoogleVRHMD/GoogleVRHMD.uplugin
LogPluginManager: Loaded Plugin IOSDeviceProfileSelector, From C:/Program Files/Epic Games/4.13/Engine/Plugins/Runtime/IOSDeviceProfileSelector/IOSDeviceProfileSelector.uplugin
LogPluginManager: Loaded Plugin LeapMotion, From C:/Program Files/Epic Games/4.13/Engine/Plugins/Runtime/LeapMotion/LeapMotion.uplugin
LogPluginManager: Loaded Plugin LinuxDeviceProfileSelector, From C:/Program Files/Epic Games/4.13/Engine/Plugins/Runtime/LinuxDeviceProfileSelector/LinuxDeviceProfileSelector.uplugin
LogPluginManager: Loaded Plugin LiveEditorListenServer, From C:/Program Files/Epic Games/4.13/Engine/Plugins/Runtime/LiveEditorListenServer/LiveEditorListenServer.uplugin
LogPluginManager: Loaded Plugin OculusAudio, From C:/Program Files/Epic Games/4.13/Engine/Plugins/Runtime/OculusAudio/OculusAudio.uplugin
LogPluginManager: Loaded Plugin OculusInput, From C:/Program Files/Epic Games/4.13/Engine/Plugins/Runtime/OculusInput/OculusInput.uplugin
LogPluginManager: Loaded Plugin OculusLibrary, From C:/Program Files/Epic Games/4.13/Engine/Plugins/Runtime/OculusLibrary/OculusLibrary.uplugin
LogPluginManager: Loaded Plugin OculusRift, From C:/Program Files/Epic Games/4.13/Engine/Plugins/Runtime/OculusRift/OculusRift.uplugin
LogPluginManager: Loaded Plugin Oodle, From C:/Program Files/Epic Games/4.13/Engine/Plugins/Runtime/PacketHandlers/CompressionComponents/Oodle/Oodle.uplugin
LogPluginManager: Loaded Plugin ProceduralMeshComponent, From C:/Program Files/Epic Games/4.13/Engine/Plugins/Runtime/ProceduralMeshComponent/ProceduralMeshComponent.uplugin
LogPluginManager: Loaded Plugin SoundMod, From C:/Program Files/Epic Games/4.13/Engine/Plugins/Runtime/SoundMod/SoundMod.uplugin
LogPluginManager: Loaded Plugin SoundVisualizations, From C:/Program Files/Epic Games/4.13/Engine/Plugins/Runtime/SoundVisualizations/SoundVisualizations.uplugin
LogPluginManager: Loaded Plugin SteamController, From C:/Program Files/Epic Games/4.13/Engine/Plugins/Runtime/Steam/SteamController/SteamController.uplugin
LogPluginManager: Loaded Plugin SteamVR, From C:/Program Files/Epic Games/4.13/Engine/Plugins/Runtime/Steam/SteamVR/SteamVR.uplugin
LogPluginManager: Loaded Plugin WebBrowserWidget, From C:/Program Files/Epic Games/4.13/Engine/Plugins/Runtime/WebBrowserWidget/WebBrowserWidget.uplugin
LogPluginManager: Loaded Plugin WindowsDeviceProfileSelector, From C:/Program Files/Epic Games/4.13/Engine/Plugins/Runtime/WindowsDeviceProfileSelector/WindowsDeviceProfileSelector.uplugin
LogPluginManager: Loaded Plugin WindowsMoviePlayer, From C:/Program Files/Epic Games/4.13/Engine/Plugins/Runtime/WindowsMoviePlayer/WindowsMoviePlayer.uplugin
LogPluginManager: Loaded Plugin ScriptPlugin, From C:/Program Files/Epic Games/4.13/Engine/Plugins/ScriptPlugin/ScriptPlugin.uplugin
LogPluginManager: Loaded Plugin SlateRemote, From C:/Program Files/Epic Games/4.13/Engine/Plugins/Slate/SlateRemote/SlateRemote.uplugin
LogInit: Using libcurl 7.47.1
LogInit:  - built for x86_64-pc-win32
LogInit:  - supports SSL with WinSSL
LogInit:  - other features:
LogInit:      CURL_VERSION_SSL
LogInit:      CURL_VERSION_IPV6
LogInit:      CURL_VERSION_ASYNCHDNS
LogInit:      CURL_VERSION_LARGEFILE
LogInit:      CURL_VERSION_IDN
LogInit:  CurlRequestOptions (configurable via config and command line):
LogInit:  - bVerifyPeer = false  - Libcurl will NOT verify peer certificate
LogInit:  - bUseHttpProxy = false  - Libcurl will NOT use HTTP proxy
LogInit:  - bDontReuseConnections = false  - Libcurl will reuse connections
LogInit:  - CertBundlePath = nullptr  - Libcurl will use whatever was configured at build time.
LogInit: Build: ++UE4+Release-4.13-CL-3142249
LogInit: Engine Version: 4.13.1-3142249+++UE4+Release-4.13
LogInit: Compatible Engine Version: 4.13.0-3106830+++UE4+Release-4.13
LogInit: Net CL: 3142249
LogDevObjectVersion: Number of dev versions registered: 13
LogDevObjectVersion:   Dev-Blueprints (B0D832E4-1F89-4F0D-ACCF-7EB736FD4AA2): 5
LogDevObjectVersion:   Dev-Build (E1C64328-A22C-4D53-A36C-8E866417BD8C): 0
LogDevObjectVersion:   Dev-Core (375EC13C-06E4-48FB-B500-84F0262A717E): 1
LogDevObjectVersion:   Dev-Editor (E4B068ED-F494-42E9-A231-DA0B2E46BB41): 6
LogDevObjectVersion:   Dev-Framework (CFFC743F-43B0-4480-9391-14DF171D2073): 12
LogDevObjectVersion:   Dev-Mobile (B02B49B5-BB20-44E9-A304-32B752E40360): 0
LogDevObjectVersion:   Dev-Networking (A4E4105C-59A1-49B5-A7C5-40C4547EDFEE): 0
LogDevObjectVersion:   Dev-Online (39C831C9-5AE6-47DC-9A44-9C173E1C8E7C): 0
LogDevObjectVersion:   Dev-Physics (78F01B33-EBEA-4F98-B9B4-84EACCB95AA2): 0
LogDevObjectVersion:   Dev-Platform (6631380F-2D4D-43E0-8009-CF276956A95A): 0
LogDevObjectVersion:   Dev-Rendering (12F88B9F-8875-4AFC-A67C-D90C383ABD29): 4
LogDevObjectVersion:   Dev-Sequencer (7B5AE74C-D270-4C10-A958-57980B212A5A): 0
LogDevObjectVersion:   Dev-VR (D7296918-1DD6-4BDD-9DE2-64A83CC13884): 0
LogInit: Compiled (64-bit): Sep 28 2016 02:12:12
LogInit: Compiled with Visual C++: 19.00.23026.00
LogInit: Build Configuration: Development
LogInit: Branch Name: ++UE4+Release-4.13
LogInit: Command line:  
LogInit: Base directory: C:/Program Files/Epic Games/4.13/Engine/Binaries/Win64/
LogInit: Installed Engine Build: 1
LogInit: Presizing for max 8388607 objects, including 0 objects not considered by GC, pre-allocating 0 bytes for permanent pool.
LogInit: Object subsystem initialized
[2016.10.30-22.42.00:322][  0]LogInit: Selected Device Profile: [Windows]
[2016.10.30-22.42.00:322][  0]LogInit: Applying CVar settings loaded from the selected device profile: [Windows]
[2016.10.30-22.42.00:357][  0]LogInit: Computer: GAMING-PC
[2016.10.30-22.42.00:357][  0]LogInit: User: Gaming
[2016.10.30-22.42.00:357][  0]LogInit: CPU Page size=65536, Cores=4
[2016.10.30-22.42.00:357][  0]LogInit: High frequency timer resolution =3.418085 MHz
[2016.10.30-22.42.00:358][  0]LogMemory: Memory total: Physical=8.0GB (8GB approx)
[2016.10.30-22.42.00:358][  0]LogMemory: Platform Memory Stats for Windows
[2016.10.30-22.42.00:358][  0]LogMemory: Process Physical Memory: 256.98 MB used, 256.98 MB peak
[2016.10.30-22.42.00:358][  0]LogMemory: Process Virtual Memory: 259.98 MB used, 259.98 MB peak
[2016.10.30-22.42.00:358][  0]LogMemory: Physical Memory: 5104.84 MB used, 8184.76 MB total
[2016.10.30-22.42.00:358][  0]LogMemory: Virtual Memory: 623.22 MB used, 134217728.00 MB total
[2016.10.30-22.42.00:509][  0]LogTextLocalizationManager: No specific translations for ('en-US') exist, so ('en') translations will be used.
[2016.10.30-22.42.07:885][  0]LogD3D11RHI: D3D11 adapters:
[2016.10.30-22.42.07:952][  0]LogD3D11RHI:    0. 'AMD Radeon (TM) R7 370 Series' (Feature Level 11_0)
[2016.10.30-22.42.07:952][  0]LogD3D11RHI:       4077/0/4092 MB DedicatedVideo/DedicatedSystem/SharedSystem, Outputs:1, VendorId:0x1002
[2016.10.30-22.42.07:958][  0]LogD3D11RHI:    1. 'Microsoft Basic Render Driver' (Feature Level 11_0)
[2016.10.30-22.42.07:958][  0]LogD3D11RHI:       0/0/4092 MB DedicatedVideo/DedicatedSystem/SharedSystem, Outputs:0, VendorId:0x1414
[2016.10.30-22.42.07:958][  0]LogD3D11RHI: Chosen D3D11 Adapter: 0
[2016.10.30-22.42.07:976][  0]LogD3D11RHI: Creating new Direct3DDevice
[2016.10.30-22.42.07:976][  0]LogD3D11RHI:     GPU DeviceId: 0x6811 (for the marketing name, search the web for "GPU Device Id")
[2016.10.30-22.42.07:976][  0]LogWindows: EnumDisplayDevices:
[2016.10.30-22.42.07:976][  0]LogWindows:    0. 'AMD Radeon (TM) R7 370 Series' (P:1 D:1)
[2016.10.30-22.42.07:977][  0]LogWindows:    1. 'AMD Radeon (TM) R7 370 Series' (P:0 D:0)
[2016.10.30-22.42.07:978][  0]LogWindows:    2. 'AMD Radeon (TM) R7 370 Series' (P:0 D:0)
[2016.10.30-22.42.07:979][  0]LogWindows:    3. 'AMD Radeon (TM) R7 370 Series' (P:0 D:0)
[2016.10.30-22.42.07:980][  0]LogWindows:    4. 'AMD Radeon (TM) R7 370 Series' (P:0 D:0)
[2016.10.30-22.42.07:981][  0]LogWindows:    5. 'AMD Radeon (TM) R7 370 Series' (P:0 D:0)
[2016.10.30-22.42.07:982][  0]LogWindows: DebugString: FoundDriverCount:6 
[2016.10.30-22.42.07:982][  0]LogD3D11RHI:     Adapter Name: AMD Radeon (TM) R7 370 Series
[2016.10.30-22.42.07:982][  0]LogD3D11RHI:   Driver Version: Crimson 16.6 (internal:21.19.137.1, unified:21.19.137.1)
[2016.10.30-22.42.07:982][  0]LogD3D11RHI:      Driver Date: 9-16-2016
[2016.10.30-22.42.07:982][  0]LogRHI: Texture pool is 1361 MB (70% of 1945 MB)
[2016.10.30-22.42.08:010][  0]LogD3D11RHI: Async texture creation enabled
[2016.10.30-22.42.08:042][  0]LogD3D11RHI: GPU Timing Frequency: 27.000000 (Debug: 2 1)
[2016.10.30-22.42.08:046][  0]LogShaderCompilers: Guid format shader working directory is -15 characters bigger than the processId version (../../../../../../Users/Gaming/Desktop/UE4 Projects/Cyberspook/Intermediate/Shaders/WorkingDirectory/9528/).
[2016.10.30-22.42.08:047][  0]LogShaderCompilers: Cleaned the shader compiler working directory 'C:/Users/Gaming/AppData/Local/Temp/UnrealShaderWorkingDir/464F55054FB0C3C8FC479F8285F718EE/'.
[2016.10.30-22.42.08:047][  0]LogShaderCompilers:Display: Using Local Shader Compiler.
[2016.10.30-22.42.13:109][  0]LogTemp:Display: Loaded TP AllDesktopTargetPlatform
[2016.10.30-22.42.13:125][  0]LogTemp:Display: Loaded TP WindowsClientTargetPlatform
[2016.10.30-22.42.13:140][  0]LogTemp:Display: Loaded TP WindowsNoEditorTargetPlatform
[2016.10.30-22.42.13:156][  0]LogTemp:Display: Loaded TP WindowsServerTargetPlatform
[2016.10.30-22.42.13:171][  0]LogTemp:Display: Loaded TP WindowsTargetPlatform
[2016.10.30-22.42.13:193][  0]LogTemp:Display: Loaded TP AndroidTargetPlatform
[2016.10.30-22.42.13:204][  0]LogTemp:Display: Loaded TP Android_ASTCTargetPlatform
[2016.10.30-22.42.13:218][  0]LogTemp:Display: Loaded TP Android_ATCTargetPlatform
[2016.10.30-22.42.13:230][  0]LogTemp:Display: Loaded TP Android_DXTTargetPlatform
[2016.10.30-22.42.13:242][  0]LogTemp:Display: Loaded TP Android_ETC1TargetPlatform
[2016.10.30-22.42.13:252][  0]LogTemp:Display: Loaded TP Android_ETC2TargetPlatform
[2016.10.30-22.42.13:277][  0]LogTemp:Display: Loaded TP Android_MultiTargetPlatform
[2016.10.30-22.42.13:277][  0]LogTemp:Display: Loaded TP Android_PVRTCTargetPlatform
[2016.10.30-22.42.13:279][  0]LogTemp:Display: Loaded TP HTML5TargetPlatform
[2016.10.30-22.42.13:328][  0]LogTemp:Display: Loaded TP IOSTargetPlatform
[2016.10.30-22.42.13:340][  0]LogTemp:Display: Loaded TP TVOSTargetPlatform
[2016.10.30-22.42.13:350][  0]LogTemp:Display: Loaded TP LinuxClientTargetPlatform
[2016.10.30-22.42.13:361][  0]LogTemp:Display: Loaded TP LinuxNoEditorTargetPlatform
[2016.10.30-22.42.13:372][  0]LogTemp:Display: Loaded TP LinuxServerTargetPlatform
[2016.10.30-22.42.13:398][  0]LogTemp:Display: Loaded TP LinuxTargetPlatform
[2016.10.30-22.42.13:398][  0]LogTargetPlatformManager:Display: Building Assets For Windows
[2016.10.30-22.42.13:575][  0]LogDerivedDataCache:Display: Max Cache Size: 512 MB
[2016.10.30-22.42.14:283][  0]LogDerivedDataCache: Loaded boot cache 0.71s 62MB C:/Users/Gaming/AppData/Local/UnrealEngine/4.13/DerivedDataCache/Boot.ddc.
[2016.10.30-22.42.14:283][  0]LogDerivedDataCache:Display: Loaded Boot cache: C:/Users/Gaming/AppData/Local/UnrealEngine/4.13/DerivedDataCache/Boot.ddc
[2016.10.30-22.42.14:283][  0]LogDerivedDataCache: FDerivedDataBackendGraph:  Pak pak cache file ../../../../../../Users/Gaming/Desktop/UE4 Projects/Cyberspook/DerivedDataCache/DDC.ddp not found, will not use a pak cache.
[2016.10.30-22.42.14:283][  0]LogDerivedDataCache: Unable to find inner node Pak for hierarchical cache Hierarchy.
[2016.10.30-22.42.14:283][  0]LogDerivedDataCache: FDerivedDataBackendGraph:  CompressedPak pak cache file ../../../../../../Users/Gaming/Desktop/UE4 Projects/Cyberspook/DerivedDataCache/Compressed.ddp not found, will not use a pak cache.
[2016.10.30-22.42.14:283][  0]LogDerivedDataCache: Unable to find inner node CompressedPak for hierarchical cache Hierarchy.
[2016.10.30-22.42.14:312][  0]LogDerivedDataCache:Display: Pak cache opened for reading ../../../Engine/DerivedDataCache/Compressed.ddp.
[2016.10.30-22.42.14:324][  0]LogDerivedDataCache: Using Local data cache path C:/Users/Gaming/AppData/Local/UnrealEngine/Common/DerivedDataCache: Writable
[2016.10.30-22.42.18:013][  0]LogInit: Selected Device Profile: [Windows]
[2016.10.30-22.42.18:019][  0]LogContentStreaming: Texture pool size is 0.00 MB
[2016.10.30-22.42.18:176][  0]LogMeshUtilities: No automatic mesh reduction module available
[2016.10.30-22.42.18:176][  0]LogMeshUtilities: No automatic mesh merging module available
[2016.10.30-22.42.18:176][  0]LogMeshUtilities: No distributed automatic mesh merging module available
[2016.10.30-22.42.18:374][  0]LogMaterial: Uniform references updated for custom material expression Custom.
[2016.10.30-22.42.20:220][  0]LogNetVersion: GetLocalNetworkVersion: CL: 3106830, ProjectName: cyberpunk, ProjectVersion: , EngineNetworkVersion: 1, GameNetworkVersion: 0, NetworkChecksum: 1938615575
[2016.10.30-22.42.20:295][  0]LogAssetRegistry: FAssetRegistry took 0.0221 seconds to start up
[2016.10.30-22.42.20:373][  0]LogPackageLocalizationCache: Processed 3 localized package path(s) for 2 prioritized culture(s) in 0.072145 seconds
[2016.10.30-22.42.20:381][  0]LogUObjectArray: 29778 objects as part of root set at end of initial load.
[2016.10.30-22.42.20:381][  0]LogUObjectAllocator: 6125448 out of 0 bytes used by permanent object pool.
[2016.10.30-22.42.20:381][  0]LogUObjectArray: CloseDisregardForGC: 0/0 objects in disregard for GC pool
[2016.10.30-22.42.20:396][  0]LogInit: WinSock: version 1.1 (2.2), MaxSocks=32767, MaxUdp=65467
[2016.10.30-22.42.22:025][  0]LogSlate: SlateFontCache - WITH_FREETYPE: 1, WITH_HARFBUZZ: 1
[2016.10.30-22.42.22:025][  0]LogSlate: SlateFontCache - WITH_FREETYPE: 1, WITH_HARFBUZZ: 1
[2016.10.30-22.42.40:906][  0]LogTcpMessaging: Initializing TcpMessaging bridge
[2016.10.30-22.42.40:953][  0]LogUdpMessaging: Initializing bridge on interface 0.0.0.0:0 to multicast group 230.0.0.1:6666.
[2016.10.30-22.42.41:941][  0]SourceControl: Info Source control is disabled
[2016.10.30-22.42.42:482][  0]SourceControl: Info Source control is disabled
[2016.10.30-22.42.42:524][  0]SourceControl: Info Source control is disabled
[2016.10.30-22.42.42:553][  0]SourceControl: Info Source control is disabled
[2016.10.30-22.42.43:563][  0]LogEngine: Initializing Engine...
[2016.10.30-22.42.43:563][  0]LogHMD: Failed to initialize OpenVR with code 110
[2016.10.30-22.42.44:027][  0]LogAIModule: Creating AISystem for world Untitled
[2016.10.30-22.42.44:063][  0]LogInit: XAudio2 using 'Speakers (Realtek High Definition Audio)' : 2 channels at 48 kHz using 32 bits per sample (channel mask 0x3)
[2016.10.30-22.42.44:083][  0]LogInit: FAudioDevice initialized.
[2016.10.30-22.42.44:167][  0]LogDerivedDataCache: Saved boot cache 0.08s 62MB C:/Users/Gaming/AppData/Local/UnrealEngine/4.13/DerivedDataCache/Boot.ddc.
[2016.10.30-22.42.44:188][  0]LogInit: Texture streaming: Enabled
[2016.10.30-22.42.44:294][  0]LogInit: Transaction tracking system initialized
[2016.10.30-22.42.44:379][  0]BlueprintLog: New page: Editor Load
[2016.10.30-22.42.44:739][  0]LocalizationService: Info Localization service is disabled
[2016.10.30-22.42.45:510][  0]LogConsoleResponse:Display: 
[2016.10.30-22.42.45:922][  0]LogCook:Display: Max memory allowance for cook 16384mb min free memory 0mb
[2016.10.30-22.42.45:922][  0]LogCook:Display: Mobile HDR setting 1
[2016.10.30-22.42.46:035][  0]LogFileCache: Scanning file cache for directory 'C:/Users/Gaming/Desktop/UE4 Projects/Cyberspook/Content/' took 0.06s
[2016.10.30-22.42.46:450][  0]SourceControl: Info Source control is disabled
[2016.10.30-22.42.46:450][  0]Cmd: MAP LOAD FILE="../../../../../../Users/Gaming/Desktop/UE4 Projects/Cyberspook/Content/ThirdPersonBP/Maps/ThirdPersonExampleMap.umap" TEMPLATE=0 SHOWPROGRESS=1 FEATURELEVEL=3
[2016.10.30-22.42.46:451][  0]LightingResults: New page: Lighting Build
[2016.10.30-22.42.46:456][  0]MapCheck: New page: Map Check
[2016.10.30-22.42.46:456][  0]LightingResults: New page: Lighting Build
[2016.10.30-22.42.48:116][  0]LogAIModule: Creating AISystem for world ThirdPersonExampleMap
[2016.10.30-22.42.48:373][  0]LogEditorServer: Finished looking for orphan Actors (0.000 secs)
[2016.10.30-22.42.48:374][  0]Cmd: MAP CHECKDEP NOCLEARLOG
[2016.10.30-22.42.48:453][  0]MapCheck: Info Map check complete: 0 Error(s), 0 Warning(s), took 79.346ms to complete.
[2016.10.30-22.42.48:453][  0]LogFileHelpers: Loading map 'ThirdPersonExampleMap' took 2.003
[2016.10.30-22.42.48:630][  0]LogCollectionManager: Loaded 0 collections in 0.003722 seconds
[2016.10.30-22.42.48:676][  0]LogFileCache: Scanning file cache for directory 'C:/Users/Gaming/Desktop/UE4 Projects/Cyberspook/Saved/Collections/' took 0.01s
[2016.10.30-22.42.48:676][  0]LogFileCache: Scanning file cache for directory 'C:/Users/Gaming/Desktop/UE4 Projects/Cyberspook/Content/Developers/Gaming/Collections/' took 0.01s
[2016.10.30-22.42.48:676][  0]LogFileCache: Scanning file cache for directory 'C:/Users/Gaming/Desktop/UE4 Projects/Cyberspook/Content/Collections/' took 0.01s
[2016.10.30-22.42.48:676][  0]LogCollectionManager: Rebuilt the GUID cache for 0 collections in 0.000004 seconds
[2016.10.30-22.42.48:692][  0]LogContentBrowser: Native class hierarchy populated in 0.0155 seconds. Added 2141 classes and 415 folders.
[2016.10.30-22.42.48:699][  0]LogStats: UGameplayTagsManager::ConstructGameplayTagTree: Construct from data asset -  0.000 s
[2016.10.30-22.42.48:699][  0]LogStats: UGameplayTagsManager::ConstructGameplayTagTree: GameplayTagTreeChangedEvent.Broadcast -  0.000 s
[2016.10.30-22.42.48:700][  0]LogContentBrowser: Native class hierarchy updated for 'GameplayTags' in 0.0007 seconds. Added 12 classes and 0 folders.
[2016.10.30-22.42.48:708][  0]LogContentBrowser: Native class hierarchy updated for 'WidgetCarousel' in 0.0005 seconds. Added 0 classes and 0 folders.
[2016.10.30-22.42.49:100][  0]LogContentBrowser: Native class hierarchy updated for 'AddContentDialog' in 0.0007 seconds. Added 0 classes and 0 folders.
[2016.10.30-22.42.49:134][  0]LogContentBrowser: Native class hierarchy updated for 'SceneOutliner' in 0.0007 seconds. Added 1 classes and 2 folders.
[2016.10.30-22.42.49:145][  0]LogCrashTracker: Crashtracker disabled due to settings.
[2016.10.30-22.42.49:154][  0]LogUObjectGlobals:Warning: Failed to find object 'Class None.'
[2016.10.30-22.42.49:184][  0]LogContentBrowser: Native class hierarchy updated for 'HierarchicalLODOutliner' in 0.0006 seconds. Added 1 classes and 2 folders.
[2016.10.30-22.42.49:184][  0]LogLoad: (Engine Initialization) Total time: 50.86 seconds
[2016.10.30-22.42.49:184][  0]LogLoad: (Engine Initialization) Total Blueprint compile time: 0.42 seconds
[2016.10.30-22.42.49:184][  0]LogExternalProfiler: Found external profiler: VSPerf
[2016.10.30-22.42.49:184][  0]LogExternalProfiler: Using external profiler: VSPerf
[2016.10.30-22.42.49:193][  0]LogOcInput: OculusInput pre-init called
[2016.10.30-22.42.49:225][  0]LogContentStreaming: Texture pool size now 1000 MB
[2016.10.30-22.42.49:553][  1]LogRenderer: Reallocating scene render targets to support 256x256 (Frame:2).
[2016.10.30-22.42.49:780][  2]LogRenderer: Reallocating scene render targets to support 724x256 (Frame:3).
[2016.10.30-22.42.49:908][  4]LogAssetRegistry: Asset discovery search completed in 29.6356 seconds
[2016.10.30-22.42.49:908][  4]LogCollectionManager: Rebuilt the object cache for 0 collections in 0.000001 seconds (found 0 objects)
[2016.10.30-22.42.49:908][  4]LogCollectionManager: Fixed up redirectors for 0 collections in 0.000029 seconds (updated 0 objects)
[2016.10.30-23.06.44:383][636]LogContentBrowser: Native class hierarchy updated for 'BlueprintGraph' in 0.0012 seconds. Added 112 classes and 0 folders.
[2016.10.30-23.25.54:773][116]LogAIModule: Creating AISystem for world CyberPunk
[2016.10.30-23.25.54:895][116]Cmd: MAP LOAD FILE="../../../../../../Users/Gaming/Desktop/UE4 Projects/Cyberspook/Content/CyberPunk.umap" TEMPLATE=0 SHOWPROGRESS=1 FEATURELEVEL=3
[2016.10.30-23.25.54:896][116]LightingResults: New page: Lighting Build
[2016.10.30-23.25.54:896][116]LoadErrors: New page: Loading map: CyberPunk.umap
[2016.10.30-23.25.54:902][116]MapCheck: New page: Map Check
[2016.10.30-23.25.54:902][116]LightingResults: New page: Lighting Build
[2016.10.30-23.25.55:067][116]LogEditorServer: Finished looking for orphan Actors (0.000 secs)
[2016.10.30-23.25.55:115][116]Cmd: MAP CHECKDEP NOCLEARLOG
[2016.10.30-23.25.55:204][116]MapCheck: Info Map check complete: 0 Error(s), 0 Warning(s), took 89.007ms to complete.
[2016.10.30-23.25.55:204][116]LogFileHelpers: Loading map 'CyberPunk' took 0.310
[2016.10.30-23.26.54:529][767]Cmd: TRANSACTION UNDO
[2016.10.30-23.26.54:529][767]LogEditorTransaction: Undo Delete selection
[2016.10.30-23.26.54:555][767]LogActorComponent: ~FComponentReregisterContext: (/Game/CyberPunk.CyberPunk:PersistentLevel.BoxBrush67_41.BrushComponent0) Component already registered.
[2016.10.30-23.26.54:556][767]LogActorComponent: ~FComponentReregisterContext: (/Game/CyberPunk.CyberPunk:PersistentLevel.BoxBrush73.BrushComponent0) Component already registered.
[2016.10.30-23.26.54:561][767]LogActorComponent: ~FComponentReregisterContext: (/Game/CyberPunk.CyberPunk:PersistentLevel.BoxBrush18.BrushComponent0) Component already registered.
[2016.10.30-23.26.54:562][767]LogActorComponent: ~FComponentReregisterContext: (/Game/CyberPunk.CyberPunk:PersistentLevel.BoxBrush24.BrushComponent0) Component already registered.
[2016.10.30-23.26.54:568][767]LogActorComponent: ~FComponentReregisterContext: (/Game/CyberPunk.CyberPunk:PersistentLevel.BoxBrush148.BrushComponent0) Component already registered.
[2016.10.30-23.26.54:592][767]LogActorComponent: ~FComponentReregisterContext: (/Game/CyberPunk.CyberPunk:PersistentLevel.Cube_6.StaticMeshComponent0) Component already registered.
[2016.10.30-23.26.54:619][767]LogActorComponent: ~FComponentReregisterContext: (/Game/CyberPunk.CyberPunk:PersistentLevel.BoxBrush116.BrushComponent0) Component already registered.
[2016.10.30-23.26.54:620][767]LogActorComponent: ~FComponentReregisterContext: (/Game/CyberPunk.CyberPunk:PersistentLevel.BoxBrush122.BrushComponent0) Component already registered.
[2016.10.30-23.27.19:703][ 69]LogEditorActor: Deleted Actor: Brush
[2016.10.30-23.27.19:706][ 69]LogEditorActor: Deleted Actor: Brush
[2016.10.30-23.27.19:708][ 69]LogEditorActor: Deleted Actor: Brush
[2016.10.30-23.27.19:709][ 69]LogEditorActor: Deleted Actor: Brush
[2016.10.30-23.27.19:711][ 69]LogEditorActor: Deleted Actor: Brush
[2016.10.30-23.27.19:712][ 69]LogEditorActor: Deleted Actor: Brush
[2016.10.30-23.27.19:714][ 69]LogEditorActor: Deleted Actor: Brush
[2016.10.30-23.27.19:715][ 69]LogEditorActor: Deleted Actor: Brush
[2016.10.30-23.27.19:717][ 69]LogEditorActor: Deleted Actor: Brush
[2016.10.30-23.27.19:718][ 69]LogEditorActor: Deleted Actor: Brush
[2016.10.30-23.27.19:720][ 69]LogEditorActor: Deleted Actor: Brush
[2016.10.30-23.27.19:721][ 69]LogEditorActor: Deleted Actor: Brush
[2016.10.30-23.27.19:723][ 69]LogEditorActor: Deleted Actor: Brush
[2016.10.30-23.27.19:724][ 69]LogEditorActor: Deleted Actor: Brush
[2016.10.30-23.27.19:726][ 69]LogEditorActor: Deleted Actor: Brush
[2016.10.30-23.27.19:727][ 69]LogEditorActor: Deleted Actor: Brush
[2016.10.30-23.27.19:729][ 69]LogEditorActor: Deleted Actor: Brush
[2016.10.30-23.27.19:730][ 69]LogEditorActor: Deleted Actor: Brush
[2016.10.30-23.27.19:731][ 69]LogEditorActor: Deleted Actor: Brush
[2016.10.30-23.27.19:733][ 69]LogEditorActor: Deleted Actor: Brush
[2016.10.30-23.27.19:734][ 69]LogEditorActor: Deleted Actor: Brush
[2016.10.30-23.27.19:736][ 69]LogEditorActor: Deleted Actor: Brush
[2016.10.30-23.27.19:737][ 69]LogEditorActor: Deleted Actor: Brush
[2016.10.30-23.27.19:739][ 69]LogEditorActor: Deleted Actor: Brush
[2016.10.30-23.27.19:740][ 69]LogEditorActor: Deleted Actor: Brush
[2016.10.30-23.27.19:742][ 69]LogEditorActor: Deleted Actor: Brush
[2016.10.30-23.27.19:743][ 69]LogEditorActor: Deleted Actor: Brush
[2016.10.30-23.27.19:744][ 69]LogEditorActor: Deleted Actor: Brush
[2016.10.30-23.27.19:746][ 69]LogEditorActor: Deleted Actor: Brush
[2016.10.30-23.27.19:747][ 69]LogEditorActor: Deleted Actor: Brush
[2016.10.30-23.27.19:749][ 69]LogEditorActor: Deleted Actor: Brush
[2016.10.30-23.27.19:750][ 69]LogEditorActor: Deleted Actor: Brush
[2016.10.30-23.27.19:752][ 69]LogEditorActor: Deleted Actor: Brush
[2016.10.30-23.27.19:753][ 69]LogEditorActor: Deleted Actor: Brush
[2016.10.30-23.27.19:755][ 69]LogEditorActor: Deleted Actor: Brush
[2016.10.30-23.27.19:757][ 69]LogEditorActor: Deleted Actor: Brush
[2016.10.30-23.27.19:758][ 69]LogEditorActor: Deleted Actor: Brush
[2016.10.30-23.27.19:760][ 69]LogEditorActor: Deleted Actor: Brush
[2016.10.30-23.27.19:761][ 69]LogEditorActor: Deleted Actor: Brush
[2016.10.30-23.27.19:763][ 69]LogEditorActor: Deleted Actor: Brush
[2016.10.30-23.27.19:764][ 69]LogEditorActor: Deleted Actor: Brush
[2016.10.30-23.27.19:766][ 69]LogEditorActor: Deleted Actor: Brush
[2016.10.30-23.27.19:767][ 69]LogEditorActor: Deleted Actor: Brush
[2016.10.30-23.27.19:769][ 69]LogEditorActor: Deleted Actor: Brush
[2016.10.30-23.27.19:770][ 69]LogEditorActor: Deleted Actor: Brush
[2016.10.30-23.27.19:772][ 69]LogEditorActor: Deleted Actor: Brush
[2016.10.30-23.27.19:773][ 69]LogEditorActor: Deleted Actor: Brush
[2016.10.30-23.27.19:775][ 69]LogEditorActor: Deleted Actor: Brush
[2016.10.30-23.27.19:776][ 69]LogEditorActor: Deleted Actor: Brush
[2016.10.30-23.27.19:778][ 69]LogEditorActor: Deleted Actor: Brush
[2016.10.30-23.27.19:779][ 69]LogEditorActor: Deleted Actor: Brush
[2016.10.30-23.27.19:780][ 69]LogEditorActor: Deleted Actor: Brush
[2016.10.30-23.27.19:782][ 69]LogEditorActor: Deleted Actor: Brush
[2016.10.30-23.27.19:783][ 69]LogEditorActor: Deleted Actor: Brush
[2016.10.30-23.27.19:784][ 69]LogEditorActor: Deleted Actor: Brush
[2016.10.30-23.27.19:786][ 69]LogEditorActor: Deleted Actor: Brush
[2016.10.30-23.27.19:787][ 69]LogEditorActor: Deleted Actor: Brush
[2016.10.30-23.27.19:789][ 69]LogEditorActor: Deleted Actor: Brush
[2016.10.30-23.27.19:791][ 69]LogEditorActor: Deleted Actor: Brush
[2016.10.30-23.27.19:792][ 69]LogEditorActor: Deleted Actor: Brush
[2016.10.30-23.27.19:794][ 69]LogEditorActor: Deleted Actor: Brush
[2016.10.30-23.27.19:795][ 69]LogEditorActor: Deleted Actor: Brush
[2016.10.30-23.27.19:797][ 69]LogEditorActor: Deleted Actor: Brush
[2016.10.30-23.27.19:799][ 69]LogEditorActor: Deleted Actor: Brush
[2016.10.30-23.27.19:800][ 69]LogEditorActor: Deleted Actor: Brush
[2016.10.30-23.27.19:802][ 69]LogEditorActor: Deleted Actor: Brush
[2016.10.30-23.27.19:803][ 69]LogEditorActor: Deleted Actor: Brush
[2016.10.30-23.27.19:805][ 69]LogEditorActor: Deleted Actor: Brush
[2016.10.30-23.27.19:806][ 69]LogEditorActor: Deleted Actor: Brush
[2016.10.30-23.27.19:808][ 69]LogEditorActor: Deleted Actor: Brush
[2016.10.30-23.27.19:809][ 69]LogEditorActor: Deleted Actor: Brush
[2016.10.30-23.27.19:811][ 69]LogEditorActor: Deleted Actor: Brush
[2016.10.30-23.27.19:813][ 69]LogEditorActor: Deleted Actor: Brush
[2016.10.30-23.27.19:814][ 69]LogEditorActor: Deleted Actor: Brush
[2016.10.30-23.27.19:816][ 69]LogEditorActor: Deleted Actor: Brush
[2016.10.30-23.27.19:817][ 69]LogEditorActor: Deleted Actor: Brush
[2016.10.30-23.27.19:818][ 69]LogEditorActor: Deleted Actor: Brush
[2016.10.30-23.27.19:820][ 69]LogEditorActor: Deleted Actor: Brush
[2016.10.30-23.27.19:821][ 69]LogEditorActor: Deleted Actor: Brush
[2016.10.30-23.27.19:823][ 69]LogEditorActor: Deleted Actor: Brush
[2016.10.30-23.27.19:824][ 69]LogEditorActor: Deleted Actor: Brush
[2016.10.30-23.27.19:826][ 69]LogEditorActor: Deleted Actor: Brush
[2016.10.30-23.27.19:827][ 69]LogEditorActor: Deleted Actor: Brush
[2016.10.30-23.27.19:829][ 69]LogEditorActor: Deleted Actor: Brush
[2016.10.30-23.27.19:830][ 69]LogEditorActor: Deleted Actor: Brush
[2016.10.30-23.27.19:831][ 69]LogEditorActor: Deleted Actor: Brush
[2016.10.30-23.27.19:833][ 69]LogEditorActor: Deleted Actor: Brush
[2016.10.30-23.27.19:834][ 69]LogEditorActor: Deleted Actor: Brush
[2016.10.30-23.27.19:835][ 69]LogEditorActor: Deleted Actor: Brush
[2016.10.30-23.27.19:836][ 69]LogEditorActor: Deleted Actor: Brush
[2016.10.30-23.27.19:838][ 69]LogEditorActor: Deleted Actor: Brush
[2016.10.30-23.27.19:839][ 69]LogEditorActor: Deleted Actor: Brush
[2016.10.30-23.27.19:840][ 69]LogEditorActor: Deleted Actor: Brush
[2016.10.30-23.27.19:841][ 69]LogEditorActor: Deleted Actor: Brush
[2016.10.30-23.27.19:843][ 69]LogEditorActor: Deleted Actor: Brush
[2016.10.30-23.27.19:844][ 69]LogEditorActor: Deleted Actor: Brush
[2016.10.30-23.27.19:845][ 69]LogEditorActor: Deleted Actor: Brush
[2016.10.30-23.27.19:846][ 69]LogEditorActor: Deleted Actor: Brush
[2016.10.30-23.27.19:848][ 69]LogEditorActor: Deleted Actor: Brush
[2016.10.30-23.27.19:849][ 69]LogEditorActor: Deleted Actor: Brush
[2016.10.30-23.27.19:850][ 69]LogEditorActor: Deleted Actor: Brush
[2016.10.30-23.27.19:851][ 69]LogEditorActor: Deleted Actor: Brush
[2016.10.30-23.27.19:853][ 69]LogEditorActor: Deleted Actor: Brush
[2016.10.30-23.27.19:854][ 69]LogEditorActor: Deleted Actor: Brush
[2016.10.30-23.27.19:855][ 69]LogEditorActor: Deleted Actor: Brush
[2016.10.30-23.27.19:857][ 69]LogEditorActor: Deleted Actor: Brush
[2016.10.30-23.27.19:858][ 69]LogEditorActor: Deleted Actor: Brush
[2016.10.30-23.27.19:859][ 69]LogEditorActor: Deleted Actor: Brush
[2016.10.30-23.27.19:861][ 69]LogEditorActor: Deleted Actor: Brush
[2016.10.30-23.27.19:862][ 69]LogEditorActor: Deleted Actor: Brush
[2016.10.30-23.27.19:864][ 69]LogEditorActor: Deleted Actor: Brush
[2016.10.30-23.27.19:865][ 69]LogEditorActor: Deleted Actor: Brush
[2016.10.30-23.27.19:867][ 69]LogEditorActor: Deleted Actor: Brush
[2016.10.30-23.27.19:868][ 69]LogEditorActor: Deleted Actor: Brush
[2016.10.30-23.27.19:869][ 69]LogEditorActor: Deleted Actor: Brush
[2016.10.30-23.27.19:871][ 69]LogEditorActor: Deleted Actor: Brush
[2016.10.30-23.27.19:872][ 69]LogEditorActor: Deleted Actor: Brush
[2016.10.30-23.27.19:873][ 69]LogEditorActor: Deleted Actor: Brush
[2016.10.30-23.27.19:875][ 69]LogEditorActor: Deleted Actor: Brush
[2016.10.30-23.27.19:876][ 69]LogEditorActor: Deleted Actor: Brush
[2016.10.30-23.27.19:877][ 69]LogEditorActor: Deleted Actor: Brush
[2016.10.30-23.27.19:878][ 69]LogEditorActor: Deleted Actor: Brush
[2016.10.30-23.27.19:880][ 69]LogEditorActor: Deleted Actor: Brush
[2016.10.30-23.27.19:881][ 69]LogEditorActor: Deleted Actor: Brush
[2016.10.30-23.27.19:882][ 69]LogEditorActor: Deleted Actor: Brush
[2016.10.30-23.27.19:883][ 69]LogEditorActor: Deleted Actor: Brush
[2016.10.30-23.27.19:884][ 69]LogEditorActor: Deleted Actor: Brush
[2016.10.30-23.27.19:886][ 69]LogEditorActor: Deleted Actor: Brush
[2016.10.30-23.27.19:887][ 69]LogEditorActor: Deleted Actor: Brush
[2016.10.30-23.27.19:888][ 69]LogEditorActor: Deleted Actor: Brush
[2016.10.30-23.27.19:889][ 69]LogEditorActor: Deleted Actor: Brush
[2016.10.30-23.27.19:891][ 69]LogEditorActor: Deleted Actor: Brush
[2016.10.30-23.27.19:892][ 69]LogEditorActor: Deleted Actor: Brush
[2016.10.30-23.27.19:894][ 69]LogEditorActor: Deleted Actor: Brush
[2016.10.30-23.27.19:895][ 69]LogEditorActor: Deleted Actor: Brush
[2016.10.30-23.27.19:896][ 69]LogEditorActor: Deleted Actor: Brush
[2016.10.30-23.27.19:898][ 69]LogEditorActor: Deleted Actor: Brush
[2016.10.30-23.27.19:899][ 69]LogEditorActor: Deleted Actor: Brush
[2016.10.30-23.27.19:901][ 69]LogEditorActor: Deleted Actor: Brush
[2016.10.30-23.27.19:902][ 69]LogEditorActor: Deleted Actor: Brush
[2016.10.30-23.27.19:903][ 69]LogEditorActor: Deleted Actor: Brush
[2016.10.30-23.27.19:905][ 69]LogEditorActor: Deleted Actor: Brush
[2016.10.30-23.27.19:906][ 69]LogEditorActor: Deleted Actor: Brush
[2016.10.30-23.27.19:907][ 69]LogEditorActor: Deleted Actor: Brush
[2016.10.30-23.27.19:909][ 69]LogEditorActor: Deleted Actor: Brush
[2016.10.30-23.27.19:910][ 69]LogEditorActor: Deleted Actor: Brush
[2016.10.30-23.27.19:911][ 69]LogEditorActor: Deleted Actor: Brush
[2016.10.30-23.27.19:913][ 69]LogEditorActor: Deleted Actor: Brush
[2016.10.30-23.27.19:914][ 69]LogEditorActor: Deleted Actor: Brush
[2016.10.30-23.27.19:915][ 69]LogEditorActor: Deleted Actor: Brush
[2016.10.30-23.27.19:916][ 69]LogEditorActor: Deleted Actor: Brush
[2016.10.30-23.27.19:918][ 69]LogEditorActor: Deleted Actor: Brush
[2016.10.30-23.27.19:919][ 69]LogEditorActor: Deleted Actor: Brush
[2016.10.30-23.27.19:920][ 69]LogEditorActor: Deleted Actor: Brush
[2016.10.30-23.27.19:922][ 69]LogEditorActor: Deleted Actor: Brush
[2016.10.30-23.27.19:923][ 69]LogEditorActor: Deleted Actor: Brush
[2016.10.30-23.27.19:924][ 69]LogEditorActor: Deleted Actor: Brush
[2016.10.30-23.27.19:925][ 69]LogEditorActor: Deleted Actor: Brush
[2016.10.30-23.27.19:926][ 69]LogEditorActor: Deleted Actor: Brush
[2016.10.30-23.27.19:927][ 69]LogEditorActor: Deleted Actor: Brush
[2016.10.30-23.27.19:929][ 69]LogEditorActor: Deleted Actor: Brush
[2016.10.30-23.27.19:930][ 69]LogEditorActor: Deleted Actor: Brush
[2016.10.30-23.27.19:931][ 69]LogEditorActor: Deleted Actor: Brush
[2016.10.30-23.27.19:932][ 69]LogEditorActor: Deleted Actor: Brush
[2016.10.30-23.27.19:933][ 69]LogEditorActor: Deleted Actor: Brush
[2016.10.30-23.27.19:934][ 69]LogEditorActor: Deleted Actor: Brush
[2016.10.30-23.27.19:935][ 69]LogEditorActor: Deleted Actor: Brush
[2016.10.30-23.27.19:936][ 69]LogEditorActor: Deleted Actor: Brush
[2016.10.30-23.27.19:937][ 69]LogEditorActor: Deleted Actor: Brush
[2016.10.30-23.27.19:939][ 69]LogEditorActor: Deleted Actor: Brush
[2016.10.30-23.27.19:940][ 69]LogEditorActor: Deleted Actor: Brush
[2016.10.30-23.27.19:941][ 69]LogEditorActor: Deleted Actor: Brush
[2016.10.30-23.27.19:942][ 69]LogEditorActor: Deleted Actor: Brush
[2016.10.30-23.27.19:943][ 69]LogEditorActor: Deleted Actor: Brush
[2016.10.30-23.27.19:944][ 69]LogEditorActor: Deleted Actor: Brush
[2016.10.30-23.27.19:945][ 69]LogEditorActor: Deleted Actor: Brush
[2016.10.30-23.27.19:946][ 69]LogEditorActor: Deleted Actor: Brush
[2016.10.30-23.27.19:947][ 69]LogEditorActor: Deleted Actor: Brush
[2016.10.30-23.27.19:949][ 69]LogEditorActor: Deleted Actor: Brush
[2016.10.30-23.27.19:950][ 69]LogEditorActor: Deleted Actor: Brush
[2016.10.30-23.27.19:951][ 69]LogEditorActor: Deleted Actor: Brush
[2016.10.30-23.27.19:952][ 69]LogEditorActor: Deleted Actor: Brush
[2016.10.30-23.27.19:953][ 69]LogEditorActor: Deleted Actor: Brush
[2016.10.30-23.27.19:954][ 69]LogEditorActor: Deleted Actor: Brush
[2016.10.30-23.27.19:955][ 69]LogEditorActor: Deleted Actor: Brush
[2016.10.30-23.27.19:956][ 69]LogEditorActor: Deleted Actor: Brush
[2016.10.30-23.27.19:957][ 69]LogEditorActor: Deleted Actor: Brush
[2016.10.30-23.27.19:958][ 69]LogEditorActor: Deleted Actor: Brush
[2016.10.30-23.27.19:959][ 69]LogEditorActor: Deleted Actor: StaticMeshActor
[2016.10.30-23.27.19:961][ 69]LogEditorActor: Deleted Actor: StaticMeshActor
[2016.10.30-23.27.19:962][ 69]LogEditorActor: Deleted Actor: StaticMeshActor
[2016.10.30-23.27.19:963][ 69]LogEditorActor: Deleted Actor: StaticMeshActor
[2016.10.30-23.27.19:964][ 69]LogEditorActor: Deleted Actor: StaticMeshActor
[2016.10.30-23.27.19:966][ 69]LogEditorActor: Deleted Actor: StaticMeshActor
[2016.10.30-23.27.19:967][ 69]LogEditorActor: Deleted Actor: StaticMeshActor
[2016.10.30-23.27.19:969][ 69]LogEditorActor: Deleted Actor: Door_Blueprint_C
[2016.10.30-23.27.19:970][ 69]LogEditorActor: Deleted Actor: Landscape
[2016.10.30-23.27.19:974][ 69]LogEditorActor: Deleted Actor: StaticMeshActor
[2016.10.30-23.27.19:976][ 69]LogEditorActor: Deleted Actor: StaticMeshActor
[2016.10.30-23.27.19:977][ 69]LogEditorActor: Deleted Actor: Brush
[2016.10.30-23.27.20:303][ 69]LogEditorActor: Deleted 200 Actors (0.607 secs)
[2016.10.30-23.35.54:128][744]Cmd: OBJ SAVEPACKAGE PACKAGE="/Game/CyberPunk" FILE="../../../../../../Users/Gaming/Desktop/UE4 Projects/Cyberspook/Saved/Autosaves/Game/CyberPunk_Auto1.umap" SILENT=true AUTOSAVING=true KEEPDIRTY=false
[2016.10.30-23.35.54:701][744]LogSavePackage: Save=510.04ms
[2016.10.30-23.35.54:701][744]LogSavePackage: Moving '../../../../../../Users/Gaming/Desktop/UE4 Projects/Cyberspook/Saved/CyberPunk_Auto1077347A24B2C638E9491DA9A9AD9BD49.tmp' to '../../../../../../Users/Gaming/Desktop/UE4 Projects/Cyberspook/Saved/Autosaves/Game/CyberPunk_Auto1.umap'
[2016.10.30-23.35.54:734][744]LogSavePackage:Display: Finished SavePackage ../../../../../../Users/Gaming/Desktop/UE4 Projects/Cyberspook/Saved/Autosaves/Game/CyberPunk_Auto1.umap
[2016.10.30-23.35.54:739][744]LogFileHelpers: Editor autosave (incl. sublevels) for '/Game/CyberPunk' took 0.643
[2016.10.30-23.35.54:739][744]LogFileHelpers: Editor autosave (incl. sublevels) for all levels took 0.643
[2016.10.31-00.14.31:263][110]Cmd: OBJ SAVEPACKAGE PACKAGE="/Game/CyberPunk" FILE="../../../../../../Users/Gaming/Desktop/UE4 Projects/Cyberspook/Content/CyberPunk.umap" SILENT=true AUTOSAVING=false KEEPDIRTY=false
[2016.10.31-00.14.31:780][110]LogSavePackage: Save=455.45ms
[2016.10.31-00.14.31:780][110]LogSavePackage: Moving '../../../../../../Users/Gaming/Desktop/UE4 Projects/Cyberspook/Saved/CyberPunk38D2E81B47FD8AB837FE87966CD6B2EB.tmp' to '../../../../../../Users/Gaming/Desktop/UE4 Projects/Cyberspook/Content/CyberPunk.umap'
[2016.10.31-00.14.31:808][110]LogSavePackage:Display: Finished SavePackage ../../../../../../Users/Gaming/Desktop/UE4 Projects/Cyberspook/Content/CyberPunk.umap
[2016.10.31-00.14.31:886][110]LogFileHelpers: Saving map 'CyberPunk' took 0.716
[2016.10.31-00.14.32:296][111]Cmd: QUIT_EDITOR
[2016.10.31-00.14.32:339][111]LogWindowsTextInputMethodSystem:Display: IME system now deactivated.
[2016.10.31-00.14.32:398][111]LogExit: Preparing to exit.
[2016.10.31-00.14.32:991][111]LogDirectoryWatcher: A directory notification for 'C:/Users/Gaming/Desktop/UE4 Projects/Cyberspook/Content/' was aborted.
[2016.10.31-00.14.33:167][111]LogExit: Editor shut down
[2016.10.31-00.14.33:168][111]LogExit: Transaction tracking system shut down
[2016.10.31-00.14.33:577][111]LogObj: Freed 0b from 0 cluster array pools.
[2016.10.31-00.14.33:578][111]LogExit: Object subsystem successfully closed.
[2016.10.31-00.14.33:615][111]LogD3D11RHI: Shutdown
[2016.10.31-00.14.33:615][111]LogD3D11RHI: CleanupD3DDevice
[2016.10.31-00.14.33:780][111]LogD3D11RHI: ~FD3D11DynamicRHI
[2016.10.31-00.14.33:814][111]LogModuleManager: Shutting down and abandoning module BlueprintGraph (235)
[2016.10.31-00.14.33:814][111]LogModuleManager: Shutting down and abandoning module BlueprintProfiler (234)
[2016.10.31-00.14.33:814][111]LogModuleManager: Shutting down and abandoning module HierarchicalLODOutliner (233)
[2016.10.31-00.14.33:814][111]LogModuleManager: Shutting down and abandoning module CrashTracker (232)
[2016.10.31-00.14.33:814][111]LogModuleManager: Shutting down and abandoning module SceneOutliner (231)
[2016.10.31-00.14.33:814][111]LogModuleManager: Shutting down and abandoning module WidgetCarousel (230)
[2016.10.31-00.14.33:814][111]LogModuleManager: Shutting down and abandoning module AddContentDialog (229)
[2016.10.31-00.14.33:814][111]LogDirectoryWatcher: A directory notification for 'C:/Program Files/Epic Games/4.13/FeaturePacks/' was aborted.
[2016.10.31-00.14.33:823][111]LogModuleManager: Shutting down and abandoning module GameplayTags (228)
[2016.10.31-00.14.33:824][111]LogModuleManager: Shutting down and abandoning module EditorWidgets (227)
[2016.10.31-00.14.33:824][111]LogModuleManager: Shutting down and abandoning module CollectionManager (226)
[2016.10.31-00.14.33:824][111]LogDirectoryWatcher: A directory notification for 'C:/Users/Gaming/Desktop/UE4 Projects/Cyberspook/Content/Collections/' was aborted.
[2016.10.31-00.14.33:824][111]LogDirectoryWatcher: A directory notification for 'C:/Users/Gaming/Desktop/UE4 Projects/Cyberspook/Content/Developers/Gaming/Collections/' was aborted.
[2016.10.31-00.14.33:824][111]LogDirectoryWatcher: A directory notification for 'C:/Users/Gaming/Desktop/UE4 Projects/Cyberspook/Saved/Collections/' was aborted.
[2016.10.31-00.14.33:824][111]LogModuleManager: Shutting down and abandoning module StatsViewer (225)
[2016.10.31-00.14.33:824][111]LogModuleManager: Shutting down and abandoning module FoliageEdit (224)
[2016.10.31-00.14.33:824][111]LogModuleManager: Shutting down and abandoning module LandscapeEditor (223)
[2016.10.31-00.14.33:824][111]LogModuleManager: Shutting down and abandoning module SceneDepthPickerMode (222)
[2016.10.31-00.14.33:824][111]LogModuleManager: Shutting down and abandoning module ActorPickerMode (221)
[2016.10.31-00.14.33:824][111]LogModuleManager: Shutting down and abandoning module GeometryMode (220)
[2016.10.31-00.14.33:824][111]LogModuleManager: Shutting down and abandoning module TextureAlignMode (219)
[2016.10.31-00.14.33:824][111]LogModuleManager: Shutting down and abandoning module BspMode (218)
[2016.10.31-00.14.33:824][111]LogModuleManager: Shutting down and abandoning module HardwareSurvey (217)
[2016.10.31-00.14.33:824][111]LogModuleManager: Shutting down and abandoning module SequenceRecorderSections (216)
[2016.10.31-00.14.33:824][111]LogModuleManager: Shutting down and abandoning module SequenceRecorder (215)
[2016.10.31-00.14.33:824][111]LogModuleManager: Shutting down and abandoning module AutomationWorker (214)
[2016.10.31-00.14.33:824][111]LogModuleManager: Shutting down and abandoning module MatineeToLevelSequence (213)
[2016.10.31-00.14.33:825][111]LogModuleManager: Shutting down and abandoning module PlacementMode (212)
[2016.10.31-00.14.33:825][111]LogModuleManager: Shutting down and abandoning module LevelSequenceEditor (211)
[2016.10.31-00.14.33:825][111]LogModuleManager: Shutting down and abandoning module WmfMediaFactory (210)
[2016.10.31-00.14.33:825][111]LogModuleManager: Shutting down and abandoning module WmfMediaEditor (209)
[2016.10.31-00.14.33:825][111]LogModuleManager: Shutting down and abandoning module AvfMediaFactory (208)
[2016.10.31-00.14.33:825][111]LogModuleManager: Shutting down and abandoning module AvfMediaEditor (207)
[2016.10.31-00.14.33:825][111]LogModuleManager: Shutting down and abandoning module Media (206)
[2016.10.31-00.14.33:825][111]LogModuleManager: Shutting down and abandoning module AndroidMediaFactory (205)
[2016.10.31-00.14.33:825][111]LogModuleManager: Shutting down and abandoning module AndroidMediaEditor (204)
[2016.10.31-00.14.33:825][111]LogModuleManager: Shutting down and abandoning module CharacterAI (203)
[2016.10.31-00.14.33:825][111]LogModuleManager: Shutting down and abandoning module SmartSnapping (202)
[2016.10.31-00.14.33:825][111]LogModuleManager: Shutting down and abandoning module SessionServices (201)
[2016.10.31-00.14.33:825][111]LogModuleManager: Shutting down and abandoning module ViewportSnapping (200)
[2016.10.31-00.14.33:825][111]LogModuleManager: Shutting down and abandoning module ViewportInteraction (199)
[2016.10.31-00.14.33:825][111]LogModuleManager: Shutting down and abandoning module LogVisualizer (198)
[2016.10.31-00.14.33:825][111]LogModuleManager: Shutting down and abandoning module GameProjectGeneration (197)
[2016.10.31-00.14.33:825][111]LogModuleManager: Shutting down and abandoning module IntroTutorials (196)
[2016.10.31-00.14.33:825][111]LogModuleManager: Shutting down and abandoning module EditorLiveStreaming (195)
[2016.10.31-00.14.33:825][111]LogModuleManager: Shutting down and abandoning module IOSPlatformEditor (194)
[2016.10.31-00.14.33:825][111]LogModuleManager: Shutting down and abandoning module HTML5PlatformEditor (193)
[2016.10.31-00.14.33:825][111]LogModuleManager: Shutting down and abandoning module AndroidDeviceDetection (192)
[2016.10.31-00.14.34:210][111]LogModuleManager: Shutting down and abandoning module AndroidPlatformEditor (191)
[2016.10.31-00.14.34:210][111]LogModuleManager: Shutting down and abandoning module IOSRuntimeSettings (190)
[2016.10.31-00.14.34:210][111]LogModuleManager: Shutting down and abandoning module AndroidRuntimeSettings (189)
[2016.10.31-00.14.34:210][111]LogModuleManager: Shutting down and abandoning module NiagaraEditor (188)
[2016.10.31-00.14.34:210][111]LogModuleManager: Shutting down and abandoning module MergeActors (187)
[2016.10.31-00.14.34:210][111]LogModuleManager: Shutting down and abandoning module SizeMap (186)
[2016.10.31-00.14.34:210][111]LogModuleManager: Shutting down and abandoning module TreeMap (185)
[2016.10.31-00.14.34:210][111]LogModuleManager: Shutting down and abandoning module ReferenceViewer (184)
[2016.10.31-00.14.34:210][111]LogModuleManager: Shutting down and abandoning module LocalizationService (183)
[2016.10.31-00.14.34:210][111]LogModuleManager: Shutting down and abandoning module LocalizationDashboard (182)
[2016.10.31-00.14.34:211][111]LogModuleManager: Shutting down and abandoning module HardwareTargeting (181)
[2016.10.31-00.14.34:211][111]LogModuleManager: Shutting down and abandoning module DeviceProfileEditor (180)
[2016.10.31-00.14.34:211][111]LogModuleManager: Shutting down and abandoning module UndoHistory (179)
[2016.10.31-00.14.34:211][111]LogModuleManager: Shutting down and abandoning module UserFeedback (178)
[2016.10.31-00.14.34:211][111]LogModuleManager: Shutting down and abandoning module XmlParser (177)
[2016.10.31-00.14.34:211][111]LogModuleManager: Shutting down and abandoning module Blutility (176)
[2016.10.31-00.14.34:211][111]LogModuleManager: Shutting down and abandoning module ProjectTargetPlatformEditor (175)
[2016.10.31-00.14.34:211][111]LogModuleManager: Shutting down and abandoning module ProjectSettingsViewer (174)
[2016.10.31-00.14.34:211][111]LogModuleManager: Shutting down and abandoning module InputBindingEditor (173)
[2016.10.31-00.14.34:212][111]LogModuleManager: Shutting down and abandoning module EditorSettingsViewer (172)
[2016.10.31-00.14.34:212][111]LogModuleManager: Shutting down and abandoning module SettingsEditor (171)
[2016.10.31-00.14.34:212][111]LogModuleManager: Shutting down and abandoning module ProjectLauncher (170)
[2016.10.31-00.14.34:212][111]LogModuleManager: Shutting down and abandoning module SessionFrontend (169)
[2016.10.31-00.14.34:212][111]LogModuleManager: Shutting down and abandoning module ProfilerClient (168)
[2016.10.31-00.14.34:212][111]LogModuleManager: Shutting down and abandoning module TargetDeviceServices (167)
[2016.10.31-00.14.34:212][111]LogModuleManager: Shutting down and abandoning module DeviceManager (166)
[2016.10.31-00.14.34:255][111]LogModuleManager: Shutting down and abandoning module AutomationController (165)
[2016.10.31-00.14.34:255][111]LogModuleManager: Shutting down and abandoning module AutomationWindow (164)
[2016.10.31-00.14.34:255][111]LogModuleManager: Shutting down and abandoning module Layers (163)
[2016.10.31-00.14.34:255][111]LogModuleManager: Shutting down and abandoning module ComponentVisualizers (162)
[2016.10.31-00.14.34:255][111]LogModuleManager: Shutting down and abandoning module DetailCustomizations (161)
[2016.10.31-00.14.34:255][111]LogModuleManager: Shutting down and abandoning module PackagesDialog (160)
[2016.10.31-00.14.34:256][111]LogModuleManager: Shutting down and abandoning module AnimGraph (159)
[2016.10.31-00.14.34:256][111]LogModuleManager: Shutting down and abandoning module Persona (158)
[2016.10.31-00.14.34:256][111]LogModuleManager: Shutting down and abandoning module Kismet (157)
[2016.10.31-00.14.34:266][111]LogModuleManager: Shutting down and abandoning module GraphEditor (156)
[2016.10.31-00.14.34:266][111]LogModuleManager: Shutting down and abandoning module ClassViewer (155)
[2016.10.31-00.14.34:266][111]LogModuleManager: Shutting down and abandoning module Toolbox (154)
[2016.10.31-00.14.34:266][111]LogModuleManager: Shutting down and abandoning module ModuleUI (153)
[2016.10.31-00.14.34:266][111]LogModuleManager: Shutting down and abandoning module MovieSceneTools (152)
[2016.10.31-00.14.34:266][111]LogModuleManager: Shutting down and abandoning module OutputLog (151)
[2016.10.31-00.14.34:266][111]LogModuleManager: Shutting down and abandoning module GammaUI (150)
[2016.10.31-00.14.34:266][111]LogModuleManager: Shutting down and abandoning module Documentation (149)
[2016.10.31-00.14.34:266][111]LogModuleManager: Shutting down and abandoning module Niagara (148)
[2016.10.31-00.14.34:266][111]LogModuleManager: Shutting down and abandoning module StreamingPauseRendering (147)
[2016.10.31-00.14.34:266][111]LogModuleManager: Shutting down and abandoning module AnalyticsET (146)
[2016.10.31-00.14.34:266][111]LogModuleManager: Shutting down and abandoning module PortalServices (145)
[2016.10.31-00.14.34:266][111]LogModuleManager: Shutting down and abandoning module PortalRpc (144)
[2016.10.31-00.14.34:266][111]LogModuleManager: Shutting down and abandoning module MessagingRpc (143)
[2016.10.31-00.14.34:266][111]LogModuleManager: Shutting down and abandoning module GameplayDebugger (142)
[2016.10.31-00.14.34:266][111]LogModuleManager: Shutting down and abandoning module AITestSuite (141)
[2016.10.31-00.14.34:266][111]LogModuleManager: Shutting down and abandoning module AIModule (140)
[2016.10.31-00.14.34:266][111]LogModuleManager: Shutting down and abandoning module ProfilerService (139)
[2016.10.31-00.14.34:473][111]LogModuleManager: Shutting down and abandoning module TaskGraph (138)
[2016.10.31-00.14.34:473][111]LogModuleManager: Shutting down and abandoning module SlateRemote (137)
[2016.10.31-00.14.34:473][111]LogModuleManager: Shutting down and abandoning module SteamVRController (136)
[2016.10.31-00.14.34:473][111]LogModuleManager: Shutting down and abandoning module SteamVR (135)
[2016.10.31-00.14.34:473][111]LogModuleManager: Shutting down and abandoning module ProceduralMeshComponentEditor (134)
[2016.10.31-00.14.34:473][111]LogModuleManager: Shutting down and abandoning module ProceduralMeshComponent (133)
[2016.10.31-00.14.34:473][111]LogModuleManager: Shutting down and abandoning module OculusLibrary (132)
[2016.10.31-00.14.34:473][111]LogModuleManager: Shutting down and abandoning module OculusInput (131)
[2016.10.31-00.14.34:473][111]LogModuleManager: Shutting down and abandoning module CustomMeshComponent (130)
[2016.10.31-00.14.34:473][111]LogModuleManager: Shutting down and abandoning module CableComponent (129)
[2016.10.31-00.14.34:473][111]LogModuleManager: Shutting down and abandoning module ArchVisCharacter (128)
[2016.10.31-00.14.34:473][111]LogModuleManager: Shutting down and abandoning module MediaPlayerEditor (126)
[2016.10.31-00.14.34:473][111]LogModuleManager: Shutting down and abandoning module HTML5Networking (125)
[2016.10.31-00.14.34:473][111]LogModuleManager: Shutting down and abandoning module GeometryCacheEd (124)
[2016.10.31-00.14.34:473][111]LogModuleManager: Shutting down and abandoning module GeometryCache (123)
[2016.10.31-00.14.34:473][111]LogModuleManager: Shutting down and abandoning module AlembicLibrary (122)
[2016.10.31-00.14.34:473][111]LogModuleManager: Shutting down and abandoning module AlembicImporter (121)
[2016.10.31-00.14.34:473][111]LogModuleManager: Shutting down and abandoning module SuperSearch (120)
[2016.10.31-00.14.34:473][111]LogModuleManager: Shutting down and abandoning module SuperSearchEditor (119)
[2016.10.31-00.14.34:473][111]LogModuleManager: Shutting down and abandoning module SpeedTreeImporter (118)
[2016.10.31-00.14.34:473][111]LogModuleManager: Shutting down and abandoning module PluginBrowser (117)
[2016.10.31-00.14.34:473][111]LogModuleManager: Shutting down and abandoning module MobileLauncherProfileWizard (116)
[2016.10.31-00.14.34:474][111]LogModuleManager: Shutting down and abandoning module EpicSurvey (115)
[2016.10.31-00.14.34:474][111]LogModuleManager: Shutting down and abandoning module DesktopPlatform (114)
[2016.10.31-00.14.34:474][111]LogModuleManager: Shutting down and abandoning module VisualStudioSourceCodeAccess (113)
[2016.10.31-00.14.34:474][111]LogModuleManager: Shutting down and abandoning module UObjectPlugin (112)
[2016.10.31-00.14.34:474][111]LogModuleManager: Shutting down and abandoning module SubversionSourceControl (111)
[2016.10.31-00.14.34:474][111]LogModuleManager: Shutting down and abandoning module PerforceSourceControl (110)
[2016.10.31-00.14.34:474][111]LogModuleManager: Shutting down and abandoning module SourceControl (109)
[2016.10.31-00.14.34:474][111]LogModuleManager: Shutting down and abandoning module GitSourceControl (108)
[2016.10.31-00.14.34:474][111]LogModuleManager: Shutting down and abandoning module LightPropagationVolumeEditor (107)
[2016.10.31-00.14.34:474][111]LogModuleManager: Shutting down and abandoning module PaperTiledImporter (106)
[2016.10.31-00.14.34:474][111]LogModuleManager: Shutting down and abandoning module PaperSpriteSheetImporter (105)
[2016.10.31-00.14.34:474][111]LogModuleManager: Shutting down and abandoning module MeshPaint (104)
[2016.10.31-00.14.34:474][111]LogModuleManager: Shutting down and abandoning module FbxAutomationBuilderModule (103)
[2016.10.31-00.14.34:474][111]LogModuleManager: Shutting down and abandoning module PixelInspectorModule (102)
[2016.10.31-00.14.34:474][111]LogModuleManager: Shutting down and abandoning module HotReload (101)
[2016.10.31-00.14.34:475][111]LogModuleManager: Shutting down and abandoning module MainFrame (100)
[2016.10.31-00.14.34:475][111]LogModuleManager: Shutting down and abandoning module LevelEditor (99)
[2016.10.31-00.14.34:479][111]LogModuleManager: Shutting down and abandoning module ContentBrowser (98)
[2016.10.31-00.14.34:482][111]LogModuleManager: Shutting down and abandoning module Paper2DEditor (97)
[2016.10.31-00.14.34:483][111]LogModuleManager: Shutting down and abandoning module UdpMessaging (96)
[2016.10.31-00.14.34:583][111]LogModuleManager: Shutting down and abandoning module TcpMessaging (95)
[2016.10.31-00.14.34:684][111]LogModuleManager: Shutting down and abandoning module LightPropagationVolumeRuntime (94)
[2016.10.31-00.14.34:684][111]LogModuleManager: Shutting down and abandoning module Paper2D (93)
[2016.10.31-00.14.34:684][111]LogModuleManager: Shutting down and abandoning module WindowsMoviePlayer (92)
[2016.10.31-00.14.34:684][111]LogModuleManager: Shutting down and abandoning module WmfMedia (91)
[2016.10.31-00.14.34:699][111]LogModuleManager: Shutting down and abandoning module MediaAssets (90)
[2016.10.31-00.14.34:699][111]LogModuleManager: Shutting down and abandoning module GameLiveStreaming (89)
[2016.10.31-00.14.34:699][111]LogModuleManager: Shutting down and abandoning module GameplayTagsEditor (88)
[2016.10.31-00.14.34:699][111]LogModuleManager: Shutting down and abandoning module VREditor (87)
[2016.10.31-00.14.34:699][111]LogModuleManager: Shutting down and abandoning module GameplayTasksEditor (86)
[2016.10.31-00.14.34:700][111]LogModuleManager: Shutting down and abandoning module PropertyEditor (85)
[2016.10.31-00.14.34:700][111]LogModuleManager: Shutting down and abandoning module BehaviorTreeEditor (84)
[2016.10.31-00.14.34:700][111]LogModuleManager: Shutting down and abandoning module FunctionalTesting (83)
[2016.10.31-00.14.34:700][111]LogModuleManager: Shutting down and abandoning module CollisionAnalyzer (82)
[2016.10.31-00.14.34:700][111]LogModuleManager: Shutting down and abandoning module Sequencer (81)
[2016.10.31-00.14.34:701][111]LogModuleManager: Shutting down and abandoning module WorkspaceMenuStructure (80)
[2016.10.31-00.14.34:701][111]LogModuleManager: Shutting down and abandoning module MessageLog (79)
[2016.10.31-00.14.34:701][111]LogModuleManager: Shutting down and abandoning module AssetTools (78)
[2016.10.31-00.14.34:701][111]LogModuleManager: Shutting down and abandoning module UMGEditor (77)
[2016.10.31-00.14.34:701][111]LogModuleManager: Shutting down and abandoning module UMG (76)
[2016.10.31-00.14.34:701][111]LogModuleManager: Shutting down and abandoning module SlateReflector (75)
[2016.10.31-00.14.34:702][111]LogModuleManager: Shutting down and abandoning module Slate (74)
[2016.10.31-00.14.34:702][111]LogModuleManager: Shutting down and abandoning module EditorStyle (73)
[2016.10.31-00.14.34:713][111]LogModuleManager: Shutting down and abandoning module SourceCodeAccess (72)
[2016.10.31-00.14.34:713][111]LogModuleManager: Shutting down and abandoning module HeadMountedDisplay (71)
[2016.10.31-00.14.34:713][111]LogModuleManager: Shutting down and abandoning module XAudio2 (70)
[2016.10.31-00.14.34:713][111]LogModuleManager: Shutting down and abandoning module Networking (68)
[2016.10.31-00.14.34:713][111]LogModuleManager: Shutting down and abandoning module Core (67)
[2016.10.31-00.14.34:714][111]LogModuleManager: Shutting down and abandoning module DirectoryWatcher (66)
[2016.10.31-00.14.34:714][111]LogDirectoryWatcher: A directory notification for '../../../Engine/Content/' was aborted.
[2016.10.31-00.14.34:716][111]LogDirectoryWatcher: A directory notification for '../../../../../../Users/Gaming/Desktop/UE4 Projects/Cyberspook/Content/' was aborted.
[2016.10.31-00.14.34:719][111]LogDirectoryWatcher: A directory notification for '../../../Engine/Plugins/2D/Paper2D/Content/' was aborted.
[2016.10.31-00.14.34:732][111]LogModuleManager: Shutting down and abandoning module AssetRegistry (65)
[2016.10.31-00.14.34:920][111]LogModuleManager: Shutting down and abandoning module KismetCompiler (64)
[2016.10.31-00.14.34:920][111]LogModuleManager: Shutting down and abandoning module PhysXFormats (63)
[2016.10.31-00.14.34:920][111]LogModuleManager: Shutting down and abandoning module MeshUtilities (62)
[2016.10.31-00.14.34:920][111]LogModuleManager: Shutting down and abandoning module DerivedDataCache (61)
[2016.10.31-00.14.34:984][111]LogDerivedDataCache: Shutdown
[2016.10.31-00.14.34:984][111]LogModuleManager: Shutting down and abandoning module VulkanShaderFormat (60)
[2016.10.31-00.14.34:984][111]LogModuleManager: Shutting down and abandoning module ShaderFormatOpenGL (59)
[2016.10.31-00.14.34:984][111]LogModuleManager: Shutting down and abandoning module ShaderFormatD3D (58)
[2016.10.31-00.14.34:984][111]LogModuleManager: Shutting down and abandoning module MetalShaderFormat (57)
[2016.10.31-00.14.34:984][111]LogModuleManager: Shutting down and abandoning module TextureFormatUncompressed (56)
[2016.10.31-00.14.34:984][111]LogModuleManager: Shutting down and abandoning module TextureFormatPVR (55)
[2016.10.31-00.14.34:985][111]LogModuleManager: Shutting down and abandoning module TextureFormatDXT (54)
[2016.10.31-00.14.34:985][111]LogModuleManager: Shutting down and abandoning module TextureFormatIntelISPCTexComp (53)
[2016.10.31-00.14.34:985][111]LogModuleManager: Shutting down and abandoning module ImageWrapper (52)
[2016.10.31-00.14.34:985][111]LogModuleManager: Shutting down and abandoning module TextureFormatASTC (51)
[2016.10.31-00.14.34:985][111]LogModuleManager: Shutting down and abandoning module TextureFormatAndroid (50)
[2016.10.31-00.14.34:985][111]LogModuleManager: Shutting down and abandoning module AudioFormatOpus (49)
[2016.10.31-00.14.34:986][111]LogModuleManager: Shutting down and abandoning module AudioFormatOgg (48)
[2016.10.31-00.14.34:986][111]LogModuleManager: Shutting down and abandoning module AudioFormatADPCM (47)
[2016.10.31-00.14.34:986][111]LogModuleManager: Shutting down and abandoning module LinuxTargetPlatform (46)
[2016.10.31-00.14.34:986][111]LogModuleManager: Shutting down and abandoning module LinuxServerTargetPlatform (45)
[2016.10.31-00.14.34:986][111]LogModuleManager: Shutting down and abandoning module LinuxNoEditorTargetPlatform (44)
[2016.10.31-00.14.34:987][111]LogModuleManager: Shutting down and abandoning module LinuxClientTargetPlatform (43)
[2016.10.31-00.14.34:987][111]LogModuleManager: Shutting down and abandoning module TVOSTargetPlatform (42)
[2016.10.31-00.14.34:987][111]LogModuleManager: Shutting down and abandoning module Messaging (41)
[2016.10.31-00.14.34:987][111]LogModuleManager: Shutting down and abandoning module IOSTargetPlatform (40)
[2016.10.31-00.14.34:987][111]LogModuleManager: Shutting down and abandoning module HTML5TargetPlatform (39)
[2016.10.31-00.14.34:987][111]LogModuleManager: Shutting down and abandoning module Android_PVRTCTargetPlatform (38)
[2016.10.31-00.14.34:987][111]LogModuleManager: Shutting down and abandoning module Android_MultiTargetPlatform (37)
[2016.10.31-00.14.34:987][111]LogModuleManager: Shutting down and abandoning module Android_ETC2TargetPlatform (36)
[2016.10.31-00.14.34:987][111]LogModuleManager: Shutting down and abandoning module Android_ETC1TargetPlatform (35)
[2016.10.31-00.14.34:987][111]LogModuleManager: Shutting down and abandoning module Android_DXTTargetPlatform (34)
[2016.10.31-00.14.34:988][111]LogModuleManager: Shutting down and abandoning module Android_ATCTargetPlatform (33)
[2016.10.31-00.14.34:988][111]LogModuleManager: Shutting down and abandoning module Android_ASTCTargetPlatform (32)
[2016.10.31-00.14.34:988][111]LogModuleManager: Shutting down and abandoning module AndroidTargetPlatform (31)
[2016.10.31-00.14.34:988][111]LogModuleManager: Shutting down and abandoning module WindowsTargetPlatform (30)
[2016.10.31-00.14.34:988][111]LogModuleManager: Shutting down and abandoning module WindowsServerTargetPlatform (29)
[2016.10.31-00.14.34:988][111]LogModuleManager: Shutting down and abandoning module WindowsNoEditorTargetPlatform (28)
[2016.10.31-00.14.34:988][111]LogModuleManager: Shutting down and abandoning module WindowsClientTargetPlatform (27)
[2016.10.31-00.14.34:988][111]LogModuleManager: Shutting down and abandoning module AllDesktopTargetPlatform (26)
[2016.10.31-00.14.34:988][111]LogModuleManager: Shutting down and abandoning module TargetPlatform (25)
[2016.10.31-00.14.34:989][111]LogModuleManager: Shutting down and abandoning module InputCore (24)
[2016.10.31-00.14.34:989][111]LogModuleManager: Shutting down and abandoning module Settings (23)
[2016.10.31-00.14.34:989][111]LogModuleManager: Shutting down and abandoning module OculusRift (22)
[2016.10.31-00.14.34:989][111]LogModuleManager: Shutting down and abandoning module GearVR (21)
[2016.10.31-00.14.34:989][111]LogModuleManager: Shutting down and abandoning module ExampleDeviceProfileSelector (20)
[2016.10.31-00.14.34:989][111]LogModuleManager: Shutting down and abandoning module OnlineBlueprintSupport (19)
[2016.10.31-00.14.34:989][111]LogModuleManager: Shutting down and abandoning module OnlineSubsystem (17)
[2016.10.31-00.14.34:989][111]LogOnline:Display: Unloading online subsystem: NULL
[2016.10.31-00.14.34:990][111]LogModuleManager: Shutting down and abandoning module HTTP (16)
[2016.10.31-00.14.34:990][111]LogHttp:Display: Http module shutting down, but needs to wait on 1 outstanding Http requests:
[2016.10.31-00.14.34:990][111]LogHttp:Display: 	verb=[POST] url=[https://datarouter.ol.epicgames.com/datarouter/api/v1/public/data?SessionID=%7B68F988C4-4C59-97A8-0727-FFA6FEF231EE%7D&AppID=UEEditor.Rocket.Release&AppVersion=4.13.1-3142249%2B%2B%2BUE4%2BRelease-4.13&UserID=515b723346c4b66a9f8d2fb34bafbb29%7Cfda48399ef964e7e8078497f88239aa7%7C0a6170cd-cf4c-405e-9972-69eb664ef4ae&AppEnvironment=datacollector-binary&UploadType=eteventstream] status=Processing
[2016.10.31-00.14.34:993][111]LogModuleManager: Shutting down and abandoning module XMPP (15)
[2016.10.31-00.14.34:993][111]LogModuleManager: Shutting down and abandoning module TextureCompressor (14)
[2016.10.31-00.14.34:994][111]LogModuleManager: Shutting down and abandoning module ShaderCore (13)
[2016.10.31-00.14.34:994][111]LogModuleManager: Shutting down and abandoning module Landscape (12)
[2016.10.31-00.14.34:994][111]LogModuleManager: Shutting down and abandoning module SlateRHIRenderer (11)
[2016.10.31-00.14.35:021][111]LogModuleManager: Shutting down and abandoning module OpenGLDrv (10)
[2016.10.31-00.14.35:022][111]LogModuleManager: Shutting down and abandoning module D3D11RHI (9)
[2016.10.31-00.14.35:022][111]LogModuleManager: Shutting down and abandoning module AnimGraphRuntime (8)
[2016.10.31-00.14.35:022][111]LogModuleManager: Shutting down and abandoning module Renderer (7)
[2016.10.31-00.14.35:022][111]LogModuleManager: Shutting down and abandoning module Engine (6)
[2016.10.31-00.14.35:022][111]LogModuleManager: Shutting down and abandoning module CoreUObject (5)
[2016.10.31-00.14.35:022][111]LogModuleManager: Shutting down and abandoning module NetworkFile (4)
[2016.10.31-00.14.35:022][111]LogModuleManager: Shutting down and abandoning module StreamingFile (3)
[2016.10.31-00.14.35:022][111]LogModuleManager: Shutting down and abandoning module SandboxFile (2)
[2016.10.31-00.14.35:022][111]LogModuleManager: Shutting down and abandoning module PakFile (1)
[2016.10.31-00.14.35:025][111]LogExit: Exiting.
[2016.10.31-00.14.35:034][111]Log file closed, 10/31/16 00:14:35
